This is pdfTeX, Version 3.14159265-2.6-1.40.17 (TeX Live 2016/NixOS.org) (preloaded format=pdflatex 2017.2.25)  23 MAR 2017 17:31
entering extended mode
 restricted \write18 enabled.
 file:line:error style messages enabled.
 %&-line parsing enabled.
**\input hartree_fock_notes.tex
(./hartree_fock_notes.tex
(/nix/store/zch3ndik79n1pzxcsq22fzrnbd7nljs0-texlive-combined-full-2016/share/t
exmf/tex/latex/base/article.cls
Document Class: article 2014/09/29 v1.4h Standard LaTeX document class

(/nix/store/zch3ndik79n1pzxcsq22fzrnbd7nljs0-texlive-combined-full-2016/share/t
exmf/tex/latex/base/size10.clo
File: size10.clo 2014/09/29 v1.4h Standard LaTeX file (size option)
)
\c@part=\count79
\c@section=\count80
\c@subsection=\count81
\c@subsubsection=\count82
\c@paragraph=\count83
\c@subparagraph=\count84
\c@figure=\count85
\c@table=\count86
\abovecaptionskip=\skip41
\belowcaptionskip=\skip42
\bibindent=\dimen102
) (./base.sty
Package: base 2016/11/09 v1.0 Standard LaTeX package

(/nix/store/zch3ndik79n1pzxcsq22fzrnbd7nljs0-texlive-combined-full-2016/share/t
exmf/tex/latex/nag/nag.sty
Package: nag 2011/11/25 0.7 warning about old commands (ulmi)
\c@nag@c=\count87
\c@nag@sins=\count88
Package nag Info: Loaded nag-l2tabu.cfg  on input line 552.

(/nix/store/zch3ndik79n1pzxcsq22fzrnbd7nljs0-texlive-combined-full-2016/share/t
exmf/tex/latex/nag/nag-l2tabu.cfg
File: nag-l2tabu.cfg 2010/05/17 v2.11 l2tabu rules for nag.sty (ulmi)
)
Package nag Info: Loaded nag-orthodox.cfg  on input line 552.

(/nix/store/zch3ndik79n1pzxcsq22fzrnbd7nljs0-texlive-combined-full-2016/share/t
exmf/tex/latex/nag/nag-orthodox.cfg
File: nag-orthodox.cfg 2006/04/19 v1.8 strict rules for nag.sty (ulmi)
))
(/nix/store/zch3ndik79n1pzxcsq22fzrnbd7nljs0-texlive-combined-full-2016/share/t
exmf/tex/generic/babel/babel.sty
Package: babel 2016/04/23 3.9r The Babel package

(/nix/store/zch3ndik79n1pzxcsq22fzrnbd7nljs0-texlive-combined-full-2016/share/t
exmf/tex/generic/babel-english/english.ldf
Language: english 2012/08/20 v3.3p English support from the babel system

(/nix/store/zch3ndik79n1pzxcsq22fzrnbd7nljs0-texlive-combined-full-2016/share/t
exmf/tex/generic/babel/babel.def
File: babel.def 2016/04/23 3.9r Babel common definitions
\babel@savecnt=\count89
\U@D=\dimen103
)
\l@canadian = a dialect from \language\l@american 
\l@australian = a dialect from \language\l@british 
\l@newzealand = a dialect from \language\l@british 
))
(/nix/store/zch3ndik79n1pzxcsq22fzrnbd7nljs0-texlive-combined-full-2016/share/t
exmf/tex/latex/base/inputenc.sty
Package: inputenc 2015/03/17 v1.2c Input encoding file
\inpenc@prehook=\toks14
\inpenc@posthook=\toks15

(/nix/store/zch3ndik79n1pzxcsq22fzrnbd7nljs0-texlive-combined-full-2016/share/t
exmf/tex/latex/ucs/utf8x.def
File: utf8x.def 2004/10/17 UCS: Input encoding UTF-8
))
(/nix/store/zch3ndik79n1pzxcsq22fzrnbd7nljs0-texlive-combined-full-2016/share/t
exmf/tex/latex/ucs/ucs.sty
Package: ucs 2013/05/11 v2.2 UCS: Unicode input support

(/nix/store/zch3ndik79n1pzxcsq22fzrnbd7nljs0-texlive-combined-full-2016/share/t
exmf/tex/latex/ucs/data/uni-global.def
File: uni-global.def 2013/05/13 UCS: Unicode global data
)
\uc@secondtry=\count90
\uc@combtoks=\toks16
\uc@combtoksb=\toks17
\uc@temptokena=\toks18
)
(/nix/store/zch3ndik79n1pzxcsq22fzrnbd7nljs0-texlive-combined-full-2016/share/t
exmf/tex/latex/microtype/microtype.sty
Package: microtype 2016/05/14 v2.6a Micro-typographical refinements (RS)

(/nix/store/zch3ndik79n1pzxcsq22fzrnbd7nljs0-texlive-combined-full-2016/share/t
exmf/tex/latex/graphics/keyval.sty
Package: keyval 2014/10/28 v1.15 key=value parser (DPC)
\KV@toks@=\toks19
)
\MT@toks=\toks20
\MT@count=\count91
LaTeX Info: Redefining \textls on input line 774.
\MT@outer@kern=\dimen104
LaTeX Info: Redefining \textmicrotypecontext on input line 1310.
\MT@listname@count=\count92

(/nix/store/zch3ndik79n1pzxcsq22fzrnbd7nljs0-texlive-combined-full-2016/share/t
exmf/tex/latex/microtype/microtype-pdftex.def
File: microtype-pdftex.def 2016/05/14 v2.6a Definitions specific to pdftex (RS)

LaTeX Info: Redefining \lsstyle on input line 916.
LaTeX Info: Redefining \lslig on input line 916.
\MT@outer@space=\skip43
)
Package microtype Info: Loading configuration file microtype.cfg.

(/nix/store/zch3ndik79n1pzxcsq22fzrnbd7nljs0-texlive-combined-full-2016/share/t
exmf/tex/latex/microtype/microtype.cfg
File: microtype.cfg 2016/05/14 v2.6a microtype main configuration file (RS)
))
(/nix/store/zch3ndik79n1pzxcsq22fzrnbd7nljs0-texlive-combined-full-2016/share/t
exmf/tex/latex/xifthen/xifthen.sty
Package: xifthen 2015/11/05 v1.4.0 Extended ifthen features

(/nix/store/zch3ndik79n1pzxcsq22fzrnbd7nljs0-texlive-combined-full-2016/share/t
exmf/tex/latex/tools/calc.sty
Package: calc 2014/10/28 v4.3 Infix arithmetic (KKT,FJ)
\calc@Acount=\count93
\calc@Bcount=\count94
\calc@Adimen=\dimen105
\calc@Bdimen=\dimen106
\calc@Askip=\skip44
\calc@Bskip=\skip45
LaTeX Info: Redefining \setlength on input line 80.
LaTeX Info: Redefining \addtolength on input line 81.
\calc@Ccount=\count95
\calc@Cskip=\skip46
)
(/nix/store/zch3ndik79n1pzxcsq22fzrnbd7nljs0-texlive-combined-full-2016/share/t
exmf/tex/latex/base/ifthen.sty
Package: ifthen 2014/09/29 v1.1c Standard LaTeX ifthen package (DPC)
)
(/nix/store/zch3ndik79n1pzxcsq22fzrnbd7nljs0-texlive-combined-full-2016/share/t
exmf/tex/latex/ifmtarg/ifmtarg.sty
Package: ifmtarg 2009/09/02 v1.2a check for an empty argument
))
(/nix/store/zch3ndik79n1pzxcsq22fzrnbd7nljs0-texlive-combined-full-2016/share/t
exmf/tex/latex/etoolbox/etoolbox.sty
Package: etoolbox 2015/08/02 v2.2a e-TeX tools for LaTeX (JAW)
\etb@tempcnta=\count96
)
(/nix/store/zch3ndik79n1pzxcsq22fzrnbd7nljs0-texlive-combined-full-2016/share/t
exmf/tex/latex/amsmath/amsmath.sty
Package: amsmath 2016/03/10 v2.15b AMS math features
\@mathmargin=\skip47

For additional information on amsmath, use the `?' option.

(/nix/store/zch3ndik79n1pzxcsq22fzrnbd7nljs0-texlive-combined-full-2016/share/t
exmf/tex/latex/amsmath/amstext.sty
Package: amstext 2000/06/29 v2.01 AMS text

(/nix/store/zch3ndik79n1pzxcsq22fzrnbd7nljs0-texlive-combined-full-2016/share/t
exmf/tex/latex/amsmath/amsgen.sty
File: amsgen.sty 1999/11/30 v2.0 generic functions
\@emptytoks=\toks21
\ex@=\dimen107
))
(/nix/store/zch3ndik79n1pzxcsq22fzrnbd7nljs0-texlive-combined-full-2016/share/t
exmf/tex/latex/amsmath/amsbsy.sty
Package: amsbsy 1999/11/29 v1.2d Bold Symbols
\pmbraise@=\dimen108
)
(/nix/store/zch3ndik79n1pzxcsq22fzrnbd7nljs0-texlive-combined-full-2016/share/t
exmf/tex/latex/amsmath/amsopn.sty
Package: amsopn 2016/03/08 v2.02 operator names
)
\inf@bad=\count97
LaTeX Info: Redefining \frac on input line 199.
\uproot@=\count98
\leftroot@=\count99
LaTeX Info: Redefining \overline on input line 297.
\classnum@=\count100
\DOTSCASE@=\count101
LaTeX Info: Redefining \ldots on input line 394.
LaTeX Info: Redefining \dots on input line 397.
LaTeX Info: Redefining \cdots on input line 518.
\Mathstrutbox@=\box26
\strutbox@=\box27
\big@size=\dimen109
LaTeX Font Info:    Redeclaring font encoding OML on input line 634.
LaTeX Font Info:    Redeclaring font encoding OMS on input line 635.
\macc@depth=\count102
\c@MaxMatrixCols=\count103
\dotsspace@=\muskip10
\c@parentequation=\count104
\dspbrk@lvl=\count105
\tag@help=\toks22
\row@=\count106
\column@=\count107
\maxfields@=\count108
\andhelp@=\toks23
\eqnshift@=\dimen110
\alignsep@=\dimen111
\tagshift@=\dimen112
\tagwidth@=\dimen113
\totwidth@=\dimen114
\lineht@=\dimen115
\@envbody=\toks24
\multlinegap=\skip48
\multlinetaggap=\skip49
\mathdisplay@stack=\toks25
LaTeX Info: Redefining \[ on input line 2739.
LaTeX Info: Redefining \] on input line 2740.
)
(/nix/store/zch3ndik79n1pzxcsq22fzrnbd7nljs0-texlive-combined-full-2016/share/t
exmf/tex/latex/amsfonts/amssymb.sty
Package: amssymb 2013/01/14 v3.01 AMS font symbols

(/nix/store/zch3ndik79n1pzxcsq22fzrnbd7nljs0-texlive-combined-full-2016/share/t
exmf/tex/latex/amsfonts/amsfonts.sty
Package: amsfonts 2013/01/14 v3.01 Basic AMSFonts support
\symAMSa=\mathgroup4
\symAMSb=\mathgroup5
LaTeX Font Info:    Overwriting math alphabet `\mathfrak' in version `bold'
(Font)                  U/euf/m/n --> U/euf/b/n on input line 106.
))
(/nix/store/zch3ndik79n1pzxcsq22fzrnbd7nljs0-texlive-combined-full-2016/share/t
exmf/tex/latex/mathtools/mathtools.sty
Package: mathtools 2015/11/12 v1.18 mathematical typesetting tools

(/nix/store/zch3ndik79n1pzxcsq22fzrnbd7nljs0-texlive-combined-full-2016/share/t
exmf/tex/latex/mathtools/mhsetup.sty
Package: mhsetup 2010/01/21 v1.2a programming setup (MH)
)
LaTeX Info: Thecontrolsequence`\('isalreadyrobust on input line 129.
LaTeX Info: Thecontrolsequence`\)'isalreadyrobust on input line 129.
LaTeX Info: Thecontrolsequence`\['isalreadyrobust on input line 129.
LaTeX Info: Thecontrolsequence`\]'isalreadyrobust on input line 129.
\g_MT_multlinerow_int=\count109
\l_MT_multwidth_dim=\dimen116
\origjot=\skip50
\l_MT_shortvdotswithinadjustabove_dim=\dimen117
\l_MT_shortvdotswithinadjustbelow_dim=\dimen118
\l_MT_above_intertext_sep=\dimen119
\l_MT_below_intertext_sep=\dimen120
\l_MT_above_shortintertext_sep=\dimen121
\l_MT_below_shortintertext_sep=\dimen122
)
(/nix/store/zch3ndik79n1pzxcsq22fzrnbd7nljs0-texlive-combined-full-2016/share/t
exmf/tex/latex/physics/physics.sty
Package: physics 

(/nix/store/zch3ndik79n1pzxcsq22fzrnbd7nljs0-texlive-combined-full-2016/share/t
exmf/tex/latex/l3packages/xparse/xparse.sty
(/nix/store/zch3ndik79n1pzxcsq22fzrnbd7nljs0-texlive-combined-full-2016/share/t
exmf/tex/latex/l3kernel/expl3.sty
Package: expl3 2016/05/18 v6512 L3 programming layer (loader) 

(/nix/store/zch3ndik79n1pzxcsq22fzrnbd7nljs0-texlive-combined-full-2016/share/t
exmf/tex/latex/l3kernel/expl3-code.tex
Package: expl3 2016/05/18 v6512 L3 programming layer (code)
L3 Module: l3bootstrap 2016/02/12 v6412 L3 Bootstrap code
L3 Module: l3names 2016/03/11 v6433 L3 Namespace for primitives
L3 Module: l3basics 2015/11/22 v6315 L3 Basic definitions
L3 Module: l3expan 2015/09/10 v5983 L3 Argument expansion
L3 Module: l3tl 2016/03/26 v6465 L3 Token lists
L3 Module: l3str 2016/03/24 v6441 L3 Strings
L3 Module: l3seq 2015/08/05 v5777 L3 Sequences and stacks
L3 Module: l3int 2016/03/24 v6441 L3 Integers
\c_max_int=\count110
\l_tmpa_int=\count111
\l_tmpb_int=\count112
\g_tmpa_int=\count113
\g_tmpb_int=\count114
L3 Module: l3quark 2015/08/17 v5855 L3 Quarks
L3 Module: l3prg 2015/11/01 v6216 L3 Control structures
\g__prg_map_int=\count115
L3 Module: l3clist 2015/09/02 v5901 L3 Comma separated lists
L3 Module: l3token 2016/04/03 v6470 L3 Experimental token manipulation
L3 Module: l3prop 2016/01/05 v6366 L3 Property lists
L3 Module: l3msg 2016/03/26 v6464 L3 Messages
L3 Module: l3file 2016/03/25 v6458 L3 File and I/O operations
\l_iow_line_count_int=\count116
\l__iow_target_count_int=\count117
\l__iow_current_line_int=\count118
\l__iow_current_word_int=\count119
\l__iow_current_indentation_int=\count120
L3 Module: l3skip 2016/01/05 v6366 L3 Dimensions and skips
\c_zero_dim=\dimen123
\c_max_dim=\dimen124
\l_tmpa_dim=\dimen125
\l_tmpb_dim=\dimen126
\g_tmpa_dim=\dimen127
\g_tmpb_dim=\dimen128
\c_zero_skip=\skip51
\c_max_skip=\skip52
\l_tmpa_skip=\skip53
\l_tmpb_skip=\skip54
\g_tmpa_skip=\skip55
\g_tmpb_skip=\skip56
\c_zero_muskip=\muskip11
\c_max_muskip=\muskip12
\l_tmpa_muskip=\muskip13
\l_tmpb_muskip=\muskip14
\g_tmpa_muskip=\muskip15
\g_tmpb_muskip=\muskip16
L3 Module: l3keys 2015/11/17 v6284 L3 Key-value interfaces
\g__keyval_level_int=\count121
\l_keys_choice_int=\count122
L3 Module: l3fp 2016/03/26 v6465 L3 Floating points
\c__fp_leading_shift_int=\count123
\c__fp_middle_shift_int=\count124
\c__fp_trailing_shift_int=\count125
\c__fp_big_leading_shift_int=\count126
\c__fp_big_middle_shift_int=\count127
\c__fp_big_trailing_shift_int=\count128
\c__fp_Bigg_leading_shift_int=\count129
\c__fp_Bigg_middle_shift_int=\count130
\c__fp_Bigg_trailing_shift_int=\count131
L3 Module: l3box 2015/08/09 v5822 L3 Experimental boxes
\c_empty_box=\box28
\l_tmpa_box=\box29
\l_tmpb_box=\box30
\g_tmpa_box=\box31
\g_tmpb_box=\box32
L3 Module: l3coffins 2016/05/17 v6508 L3 Coffin code layer
\l__coffin_internal_box=\box33
\l__coffin_internal_dim=\dimen129
\l__coffin_offset_x_dim=\dimen130
\l__coffin_offset_y_dim=\dimen131
\l__coffin_x_dim=\dimen132
\l__coffin_y_dim=\dimen133
\l__coffin_x_prime_dim=\dimen134
\l__coffin_y_prime_dim=\dimen135
\c_empty_coffin=\box34
\l__coffin_aligned_coffin=\box35
\l__coffin_aligned_internal_coffin=\box36
\l_tmpa_coffin=\box37
\l_tmpb_coffin=\box38
\l__coffin_display_coffin=\box39
\l__coffin_display_coord_coffin=\box40
\l__coffin_display_pole_coffin=\box41
\l__coffin_display_offset_dim=\dimen136
\l__coffin_display_x_dim=\dimen137
\l__coffin_display_y_dim=\dimen138
L3 Module: l3color 2014/08/23 v5354 L3 Experimental color support
L3 Module: l3sys 2015/09/25 v6087 L3 Experimental system/runtime functions
L3 Module: l3candidates 2016/05/13 v6484 L3 Experimental additions to l3kernel
\l__box_top_dim=\dimen139
\l__box_bottom_dim=\dimen140
\l__box_left_dim=\dimen141
\l__box_right_dim=\dimen142
\l__box_top_new_dim=\dimen143
\l__box_bottom_new_dim=\dimen144
\l__box_left_new_dim=\dimen145
\l__box_right_new_dim=\dimen146
\l__box_internal_box=\box42
\l__coffin_bounding_shift_dim=\dimen147
\l__coffin_left_corner_dim=\dimen148
\l__coffin_right_corner_dim=\dimen149
\l__coffin_bottom_corner_dim=\dimen150
\l__coffin_top_corner_dim=\dimen151
\l__coffin_scaled_total_height_dim=\dimen152
\l__coffin_scaled_width_dim=\dimen153
L3 Module: l3luatex 2016/03/26 v6465 L3 Experimental LuaTeX-specific functions
)
(/nix/store/zch3ndik79n1pzxcsq22fzrnbd7nljs0-texlive-combined-full-2016/share/t
exmf/tex/latex/l3kernel/l3pdfmode.def
File: l3pdfmode.def 2016/03/26 v6465 L3 Experimental driver: PDF mode
\l__driver_color_stack_int=\count132
\l__driver_tmp_box=\box43
))
Package: xparse 2016/05/18 v6512 L3 Experimental document command parser
\l__xparse_current_arg_int=\count133
\l__xparse_m_args_int=\count134
\l__xparse_mandatory_args_int=\count135
\l__xparse_processor_int=\count136
\l__xparse_v_nesting_int=\count137
)
.................................................
. LaTeX info: "xparse/define-command"
. 
. Defining command \vnabla with sig. '' on line 25.
.................................................
.................................................
. LaTeX info: "xparse/define-command"
. 
. Defining command \varE with sig. '' on line 29.
.................................................
.................................................
. LaTeX info: "xparse/define-command"
. 
. Defining command \ordersymbol with sig. '' on line 30.
.................................................
.................................................
. LaTeX info: "xparse/define-command"
. 
. Defining command \quantity with sig. '' on line 35.
.................................................
.................................................
. LaTeX info: "xparse/define-command"
. 
. Defining command \@quantity with sig. ' t\big t\Big t\bigg t\Bigg g o d()
. d|| ' on line 62.
.................................................
.................................................
. LaTeX info: "xparse/define-command"
. 
. Defining command \qty with sig. '' on line 63.
.................................................
.................................................
. LaTeX info: "xparse/define-command"
. 
. Defining command \pqty with sig. ' l m ' on line 64.
.................................................
.................................................
. LaTeX info: "xparse/define-command"
. 
. Defining command \bqty with sig. ' l m ' on line 65.
.................................................
.................................................
. LaTeX info: "xparse/define-command"
. 
. Defining command \Bqty with sig. ' l m ' on line 66.
.................................................
.................................................
. LaTeX info: "xparse/define-command"
. 
. Defining command \vqty with sig. ' l m ' on line 67.
.................................................
.................................................
. LaTeX info: "xparse/define-command"
. 
. Defining command \pmqty with sig. 'm' on line 70.
.................................................
.................................................
. LaTeX info: "xparse/define-command"
. 
. Defining command \Pmqty with sig. 'm' on line 71.
.................................................
.................................................
. LaTeX info: "xparse/define-command"
. 
. Defining command \bmqty with sig. 'm' on line 72.
.................................................
.................................................
. LaTeX info: "xparse/define-command"
. 
. Defining command \vmqty with sig. 'm' on line 73.
.................................................
.................................................
. LaTeX info: "xparse/define-command"
. 
. Defining command \matrixquantity with sig. '' on line 74.
.................................................
.................................................
. LaTeX info: "xparse/define-command"
. 
. Defining command \@matrixquantity with sig. ' s g o d() d|| ' on line 100.
.................................................
.................................................
. LaTeX info: "xparse/define-command"
. 
. Defining command \mqty with sig. '' on line 101.
.................................................
.................................................
. LaTeX info: "xparse/define-command"
. 
. Defining command \matrixdeterminant with sig. 'm' on line 102.
.................................................
.................................................
. LaTeX info: "xparse/define-command"
. 
. Defining command \mdet with sig. '' on line 103.
.................................................
.................................................
. LaTeX info: "xparse/define-command"
. 
. Defining command \spmqty with sig. 'm' on line 105.
.................................................
.................................................
. LaTeX info: "xparse/define-command"
. 
. Defining command \sPmqty with sig. 'm' on line 106.
.................................................
.................................................
. LaTeX info: "xparse/define-command"
. 
. Defining command \sbmqty with sig. 'm' on line 107.
.................................................
.................................................
. LaTeX info: "xparse/define-command"
. 
. Defining command \svmqty with sig. 'm' on line 108.
.................................................
.................................................
. LaTeX info: "xparse/define-command"
. 
. Defining command \smallmatrixquantity with sig. ' s g o d() d|| ' on line
. 133.
.................................................
.................................................
. LaTeX info: "xparse/define-command"
. 
. Defining command \smqty with sig. '' on line 134.
.................................................
.................................................
. LaTeX info: "xparse/define-command"
. 
. Defining command \smallmatrixdeterminant with sig. 'm' on line 135.
.................................................
.................................................
. LaTeX info: "xparse/define-command"
. 
. Defining command \smdet with sig. '' on line 136.
.................................................
.................................................
. LaTeX info: "xparse/define-command"
. 
. Defining command \argopen with sig. 's' on line 138.
.................................................
.................................................
. LaTeX info: "xparse/define-command"
. 
. Defining command \argclose with sig. 's' on line 139.
.................................................
.................................................
. LaTeX info: "xparse/define-command"
. 
. Defining command \braces with sig. '' on line 141.
.................................................
.................................................
. LaTeX info: "xparse/define-command"
. 
. Defining command \@braces with sig. ' s t\big t\Big t\bigg t\Bigg m m m ' on
. line 156.
.................................................
.................................................
. LaTeX info: "xparse/define-command"
. 
. Defining command \fbraces with sig. ' s t\big t\Big t\bigg t\Bigg m m m m '
. on line 174.
.................................................
.................................................
. LaTeX info: "xparse/define-command"
. 
. Defining command \absolutevalue with sig. ' l m ' on line 176.
.................................................
.................................................
. LaTeX info: "xparse/define-command"
. 
. Defining command \abs with sig. '' on line 177.
.................................................
.................................................
. LaTeX info: "xparse/define-command"
. 
. Defining command \norm with sig. ' l m ' on line 178.
.................................................
.................................................
. LaTeX info: "xparse/define-command"
. 
. Defining command \order with sig. ' l m ' on line 179.
.................................................
.................................................
. LaTeX info: "xparse/define-command"
. 
. Defining command \evaluated with sig. ' s g d[| d(| ' on line 194.
.................................................
.................................................
. LaTeX info: "xparse/define-command"
. 
. Defining command \eval with sig. '' on line 195.
.................................................
.................................................
. LaTeX info: "xparse/define-command"
. 
. Defining command \poissonbracket with sig. ' l m m ' on line 197.
.................................................
.................................................
. LaTeX info: "xparse/define-command"
. 
. Defining command \pb with sig. '' on line 198.
.................................................
.................................................
. LaTeX info: "xparse/define-command"
. 
. Defining command \commutator with sig. ' l m m ' on line 201.
.................................................
.................................................
. LaTeX info: "xparse/define-command"
. 
. Defining command \comm with sig. '' on line 202.
.................................................
.................................................
. LaTeX info: "xparse/define-command"
. 
. Defining command \anticommutator with sig. ' l m m ' on line 203.
.................................................
.................................................
. LaTeX info: "xparse/define-command"
. 
. Defining command \acommutator with sig. '' on line 204.
.................................................
.................................................
. LaTeX info: "xparse/define-command"
. 
. Defining command \acomm with sig. '' on line 205.
.................................................
.................................................
. LaTeX info: "xparse/define-command"
. 
. Defining command \vectorbold with sig. ' s m ' on line 208.
.................................................
.................................................
. LaTeX info: "xparse/define-command"
. 
. Defining command \vb with sig. '' on line 209.
.................................................
.................................................
. LaTeX info: "xparse/define-command"
. 
. Defining command \vectorarrow with sig. ' s m ' on line 211.
.................................................
.................................................
. LaTeX info: "xparse/define-command"
. 
. Defining command \va with sig. '' on line 212.
.................................................
.................................................
. LaTeX info: "xparse/define-command"
. 
. Defining command \vectorunit with sig. ' s m ' on line 214.
.................................................
.................................................
. LaTeX info: "xparse/define-command"
. 
. Defining command \vu with sig. '' on line 215.
.................................................
.................................................
. LaTeX info: "xparse/define-command"
. 
. Defining command \dotproduct with sig. '' on line 217.
.................................................
.................................................
. LaTeX info: "xparse/define-command"
. 
. Defining command \vdot with sig. '' on line 218.
.................................................
.................................................
. LaTeX info: "xparse/define-command"
. 
. Defining command \crossproduct with sig. '' on line 220.
.................................................
.................................................
. LaTeX info: "xparse/define-command"
. 
. Defining command \cross with sig. '' on line 221.
.................................................
.................................................
. LaTeX info: "xparse/define-command"
. 
. Defining command \cp with sig. '' on line 222.
.................................................
.................................................
. LaTeX info: "xparse/define-command"
. 
. Defining command \gradient with sig. ' g o d() ' on line 232.
.................................................
.................................................
. LaTeX info: "xparse/define-command"
. 
. Defining command \grad with sig. '' on line 233.
.................................................
.................................................
. LaTeX info: "xparse/define-command"
. 
. Defining command \divergence with sig. ' g o d() ' on line 243.
.................................................
.................................................
. LaTeX info: "xparse/define-command"
. 
. Defining command \div with sig. '' on line 246.
.................................................
.................................................
. LaTeX info: "xparse/define-command"
. 
. Defining command \curl with sig. ' g o d() ' on line 256.
.................................................
.................................................
. LaTeX info: "xparse/define-command"
. 
. Defining command \laplacian with sig. ' g o d() ' on line 266.
.................................................
.................................................
. LaTeX info: "xparse/define-command"
. 
. Defining command \principalvalue with sig. 'g' on line 274.
.................................................
.................................................
. LaTeX info: "xparse/define-command"
. 
. Defining command \pv with sig. '' on line 275.
.................................................
.................................................
. LaTeX info: "xparse/define-command"
. 
. Defining command \PV with sig. 'g' on line 276.
.................................................
.................................................
. LaTeX info: "xparse/redefine-command"
. 
. Redefining command \Re with sig. 'g' on line 277.
.................................................
.................................................
. LaTeX info: "xparse/redefine-command"
. 
. Redefining command \Im with sig. 'g' on line 278.
.................................................
.................................................
. LaTeX info: "xparse/define-command"
. 
. Defining command \opbraces with sig. ' m g o d() ' on line 299.
.................................................
.................................................
. LaTeX info: "xparse/define-command"
. 
. Defining command \trigbraces with sig. ' m o d() ' on line 305.
.................................................
.................................................
. LaTeX info: "xparse/redefine-command"
. 
. Redefining command \sin with sig. '' on line 309.
.................................................
.................................................
. LaTeX info: "xparse/redefine-command"
. 
. Redefining command \cos with sig. '' on line 310.
.................................................
.................................................
. LaTeX info: "xparse/redefine-command"
. 
. Redefining command \tan with sig. '' on line 311.
.................................................
.................................................
. LaTeX info: "xparse/redefine-command"
. 
. Redefining command \csc with sig. '' on line 312.
.................................................
.................................................
. LaTeX info: "xparse/redefine-command"
. 
. Redefining command \sec with sig. '' on line 313.
.................................................
.................................................
. LaTeX info: "xparse/redefine-command"
. 
. Redefining command \cot with sig. '' on line 314.
.................................................
.................................................
. LaTeX info: "xparse/redefine-command"
. 
. Redefining command \arcsin with sig. '' on line 316.
.................................................
.................................................
. LaTeX info: "xparse/redefine-command"
. 
. Redefining command \arccos with sig. '' on line 317.
.................................................
.................................................
. LaTeX info: "xparse/redefine-command"
. 
. Redefining command \arctan with sig. '' on line 318.
.................................................
.................................................
. LaTeX info: "xparse/define-command"
. 
. Defining command \arccsc with sig. '' on line 320.
.................................................
.................................................
. LaTeX info: "xparse/define-command"
. 
. Defining command \arcsec with sig. '' on line 322.
.................................................
.................................................
. LaTeX info: "xparse/define-command"
. 
. Defining command \arccot with sig. '' on line 324.
.................................................
.................................................
. LaTeX info: "xparse/define-command"
. 
. Defining command \asin with sig. '' on line 327.
.................................................
.................................................
. LaTeX info: "xparse/define-command"
. 
. Defining command \acos with sig. '' on line 329.
.................................................
.................................................
. LaTeX info: "xparse/define-command"
. 
. Defining command \atan with sig. '' on line 331.
.................................................
.................................................
. LaTeX info: "xparse/define-command"
. 
. Defining command \acsc with sig. '' on line 333.
.................................................
.................................................
. LaTeX info: "xparse/define-command"
. 
. Defining command \asec with sig. '' on line 335.
.................................................
.................................................
. LaTeX info: "xparse/define-command"
. 
. Defining command \acot with sig. '' on line 337.
.................................................
.................................................
. LaTeX info: "xparse/redefine-command"
. 
. Redefining command \sinh with sig. '' on line 339.
.................................................
.................................................
. LaTeX info: "xparse/redefine-command"
. 
. Redefining command \cosh with sig. '' on line 340.
.................................................
.................................................
. LaTeX info: "xparse/redefine-command"
. 
. Redefining command \tanh with sig. '' on line 341.
.................................................
.................................................
. LaTeX info: "xparse/define-command"
. 
. Defining command \csch with sig. '' on line 343.
.................................................
.................................................
. LaTeX info: "xparse/define-command"
. 
. Defining command \sech with sig. '' on line 345.
.................................................
.................................................
. LaTeX info: "xparse/redefine-command"
. 
. Redefining command \coth with sig. '' on line 346.
.................................................
.................................................
. LaTeX info: "xparse/redefine-command"
. 
. Redefining command \exp with sig. '' on line 348.
.................................................
.................................................
. LaTeX info: "xparse/redefine-command"
. 
. Redefining command \log with sig. '' on line 349.
.................................................
.................................................
. LaTeX info: "xparse/redefine-command"
. 
. Redefining command \ln with sig. '' on line 350.
.................................................
.................................................
. LaTeX info: "xparse/redefine-command"
. 
. Redefining command \det with sig. '' on line 351.
.................................................
.................................................
. LaTeX info: "xparse/redefine-command"
. 
. Redefining command \Pr with sig. '' on line 352.
.................................................
.................................................
. LaTeX info: "xparse/define-command"
. 
. Defining command \tr with sig. '' on line 353.
.................................................
.................................................
. LaTeX info: "xparse/define-command"
. 
. Defining command \Tr with sig. '' on line 354.
.................................................
.................................................
. LaTeX info: "xparse/define-command"
. 
. Defining command \Res with sig. '' on line 355.
.................................................
.................................................
. LaTeX info: "xparse/define-command"
. 
. Defining command \qqtext with sig. ' s m ' on line 377.
.................................................
.................................................
. LaTeX info: "xparse/define-command"
. 
. Defining command \qq with sig. '' on line 378.
.................................................
.................................................
. LaTeX info: "xparse/define-command"
. 
. Defining command \qcomma with sig. '' on line 380.
.................................................
.................................................
. LaTeX info: "xparse/define-command"
. 
. Defining command \qc with sig. '' on line 381.
.................................................
.................................................
. LaTeX info: "xparse/define-command"
. 
. Defining command \qif with sig. 's' on line 383.
.................................................
.................................................
. LaTeX info: "xparse/define-command"
. 
. Defining command \qthen with sig. 's' on line 384.
.................................................
.................................................
. LaTeX info: "xparse/define-command"
. 
. Defining command \qelse with sig. 's' on line 385.
.................................................
.................................................
. LaTeX info: "xparse/define-command"
. 
. Defining command \qotherwise with sig. 's' on line 386.
.................................................
.................................................
. LaTeX info: "xparse/define-command"
. 
. Defining command \qunless with sig. 's' on line 387.
.................................................
.................................................
. LaTeX info: "xparse/define-command"
. 
. Defining command \qgiven with sig. 's' on line 388.
.................................................
.................................................
. LaTeX info: "xparse/define-command"
. 
. Defining command \qusing with sig. 's' on line 389.
.................................................
.................................................
. LaTeX info: "xparse/define-command"
. 
. Defining command \qassume with sig. 's' on line 390.
.................................................
.................................................
. LaTeX info: "xparse/define-command"
. 
. Defining command \qsince with sig. 's' on line 391.
.................................................
.................................................
. LaTeX info: "xparse/define-command"
. 
. Defining command \qlet with sig. 's' on line 392.
.................................................
.................................................
. LaTeX info: "xparse/define-command"
. 
. Defining command \qfor with sig. 's' on line 393.
.................................................
.................................................
. LaTeX info: "xparse/define-command"
. 
. Defining command \qall with sig. 's' on line 394.
.................................................
.................................................
. LaTeX info: "xparse/define-command"
. 
. Defining command \qeven with sig. 's' on line 395.
.................................................
.................................................
. LaTeX info: "xparse/define-command"
. 
. Defining command \qodd with sig. 's' on line 396.
.................................................
.................................................
. LaTeX info: "xparse/define-command"
. 
. Defining command \qinteger with sig. 's' on line 397.
.................................................
.................................................
. LaTeX info: "xparse/define-command"
. 
. Defining command \qand with sig. 's' on line 398.
.................................................
.................................................
. LaTeX info: "xparse/define-command"
. 
. Defining command \qor with sig. 's' on line 399.
.................................................
.................................................
. LaTeX info: "xparse/define-command"
. 
. Defining command \qas with sig. 's' on line 400.
.................................................
.................................................
. LaTeX info: "xparse/define-command"
. 
. Defining command \qin with sig. 's' on line 401.
.................................................
.................................................
. LaTeX info: "xparse/define-command"
. 
. Defining command \qcc with sig. 's' on line 402.
.................................................
.................................................
. LaTeX info: "xparse/define-command"
. 
. Defining command \differential with sig. ' o g d() ' on line 415.
.................................................
.................................................
. LaTeX info: "xparse/define-command"
. 
. Defining command \dd with sig. '' on line 416.
.................................................
.................................................
. LaTeX info: "xparse/define-command"
. 
. Defining command \derivative with sig. ' s o m g d() ' on line 435.
.................................................
.................................................
. LaTeX info: "xparse/define-command"
. 
. Defining command \dv with sig. '' on line 436.
.................................................
.................................................
. LaTeX info: "xparse/define-command"
. 
. Defining command \partialderivative with sig. ' s o m g g d() ' on line 460.
.................................................
.................................................
. LaTeX info: "xparse/define-command"
. 
. Defining command \pderivative with sig. '' on line 461.
.................................................
.................................................
. LaTeX info: "xparse/define-command"
. 
. Defining command \pdv with sig. '' on line 462.
.................................................
.................................................
. LaTeX info: "xparse/define-command"
. 
. Defining command \variation with sig. ' o g d() ' on line 474.
.................................................
.................................................
. LaTeX info: "xparse/define-command"
. 
. Defining command \var with sig. '' on line 475.
.................................................
.................................................
. LaTeX info: "xparse/define-command"
. 
. Defining command \functionalderivative with sig. ' s o m g d() ' on line
. 494.
.................................................
.................................................
. LaTeX info: "xparse/define-command"
. 
. Defining command \fderivative with sig. '' on line 495.
.................................................
.................................................
. LaTeX info: "xparse/define-command"
. 
. Defining command \fdv with sig. '' on line 496.
.................................................
.................................................
. LaTeX info: "xparse/define-command"
. 
. Defining command \bra with sig. ' s m t\ket s g ' on line 526.
.................................................
.................................................
. LaTeX info: "xparse/define-command"
. 
. Defining command \ket with sig. ' s m ' on line 533.
.................................................
.................................................
. LaTeX info: "xparse/define-command"
. 
. Defining command \innerproduct with sig. ' s m g ' on line 548.
.................................................
.................................................
. LaTeX info: "xparse/define-command"
. 
. Defining command \braket with sig. '' on line 549.
.................................................
.................................................
. LaTeX info: "xparse/define-command"
. 
. Defining command \ip with sig. '' on line 550.
.................................................
.................................................
. LaTeX info: "xparse/define-command"
. 
. Defining command \outerproduct with sig. ' s m g ' on line 565.
.................................................
.................................................
. LaTeX info: "xparse/define-command"
. 
. Defining command \dyad with sig. '' on line 566.
.................................................
.................................................
. LaTeX info: "xparse/define-command"
. 
. Defining command \op with sig. '' on line 567.
.................................................
.................................................
. LaTeX info: "xparse/define-command"
. 
. Defining command \ketbra with sig. '' on line 568.
.................................................
.................................................
. LaTeX info: "xparse/define-command"
. 
. Defining command \expectationvalue with sig. ' s s m g ' on line 587.
.................................................
.................................................
. LaTeX info: "xparse/define-command"
. 
. Defining command \expval with sig. '' on line 588.
.................................................
.................................................
. LaTeX info: "xparse/define-command"
. 
. Defining command \ev with sig. '' on line 589.
.................................................
.................................................
. LaTeX info: "xparse/define-command"
. 
. Defining command \vev with sig. ' m ' on line 590.
.................................................
.................................................
. LaTeX info: "xparse/define-command"
. 
. Defining command \matrixelement with sig. ' s s m m m ' on line 601.
.................................................
.................................................
. LaTeX info: "xparse/define-command"
. 
. Defining command \matrixel with sig. '' on line 602.
.................................................
.................................................
. LaTeX info: "xparse/define-command"
. 
. Defining command \mel with sig. '' on line 603.
.................................................
.................................................
. LaTeX info: "xparse/define-command"
. 
. Defining command \identitymatrix with sig. 'm' on line 633.
.................................................
.................................................
. LaTeX info: "xparse/define-command"
. 
. Defining command \imat with sig. '' on line 634.
.................................................
.................................................
. LaTeX info: "xparse/define-command"
. 
. Defining command \xmatrix with sig. ' s m m m ' on line 659.
.................................................
.................................................
. LaTeX info: "xparse/define-command"
. 
. Defining command \xmat with sig. '' on line 660.
.................................................
.................................................
. LaTeX info: "xparse/define-command"
. 
. Defining command \zeromatrix with sig. ' m g ' on line 662.
.................................................
.................................................
. LaTeX info: "xparse/define-command"
. 
. Defining command \zmat with sig. '' on line 663.
.................................................
.................................................
. LaTeX info: "xparse/define-command"
. 
. Defining command \paulixmatrix with sig. '' on line 665.
.................................................
.................................................
. LaTeX info: "xparse/define-command"
. 
. Defining command \pauliymatrix with sig. '' on line 666.
.................................................
.................................................
. LaTeX info: "xparse/define-command"
. 
. Defining command \paulizmatrix with sig. '' on line 667.
.................................................
.................................................
. LaTeX info: "xparse/define-command"
. 
. Defining command \paulimatrix with sig. 'm' on line 678.
.................................................
.................................................
. LaTeX info: "xparse/define-command"
. 
. Defining command \pmat with sig. '' on line 679.
.................................................
.................................................
. LaTeX info: "xparse/define-command"
. 
. Defining command \diagonalmatrix with sig. 'O{} >{\SplitList {,}}m ' on line
. 681.
.................................................
.................................................
. LaTeX info: "xparse/define-command"
. 
. Defining command \@dmat with sig. 'mmggggggg' on line 714.
.................................................
.................................................
. LaTeX info: "xparse/define-command"
. 
. Defining command \dmat with sig. '' on line 715.
.................................................
.................................................
. LaTeX info: "xparse/define-command"
. 
. Defining command \antidiagonalmatrix with sig. 'O{} >{\SplitList {,}}m ' on
. line 717.
.................................................
.................................................
. LaTeX info: "xparse/define-command"
. 
. Defining command \@admat with sig. 'mmggggggg' on line 750.
.................................................
.................................................
. LaTeX info: "xparse/define-command"
. 
. Defining command \admat with sig. '' on line 751.
.................................................
.................................................
. LaTeX info: "xparse/define-command"
. 
. Defining command \flatfrac with sig. ' m m ' on line 754.
.................................................
.................................................
. LaTeX info: "xparse/define-command"
. 
. Defining command \homework with sig. '' on line 764.
.................................................
)
(/nix/store/zch3ndik79n1pzxcsq22fzrnbd7nljs0-texlive-combined-full-2016/share/t
exmf/tex/latex/siunitx/siunitx.sty
Package: siunitx 2016/03/01 v2.6q A comprehensive (SI) units package

(/nix/store/zch3ndik79n1pzxcsq22fzrnbd7nljs0-texlive-combined-full-2016/share/t
exmf/tex/latex/tools/array.sty
Package: array 2014/10/28 v2.4c Tabular extension package (FMi)
\col@sep=\dimen154
\extrarowheight=\dimen155
\NC@list=\toks26
\extratabsurround=\skip57
\backup@length=\skip58
)
(/nix/store/zch3ndik79n1pzxcsq22fzrnbd7nljs0-texlive-combined-full-2016/share/t
exmf/tex/latex/l3packages/l3keys2e/l3keys2e.sty
Package: l3keys2e 2016/05/18 v6512 LaTeX2e option processing using LaTeX3 keys
)
\l__siunitx_tmp_box=\box44
\l__siunitx_tmp_dim=\dimen156
\l__siunitx_tmp_int=\count138
\l__siunitx_number_mantissa_length_int=\count139
\l__siunitx_number_uncert_length_int=\count140
\l__siunitx_round_int=\count141
\l__siunitx_process_decimal_int=\count142
\l__siunitx_process_uncertainty_int=\count143
\l__siunitx_process_fixed_int=\count144
\l__siunitx_process_integer_min_int=\count145
\l__siunitx_process_precision_int=\count146
\l__siunitx_group_min_int=\count147
\l__siunitx_angle_marker_box=\box45
\l__siunitx_angle_unit_box=\box46
\l__siunitx_angle_marker_dim=\dimen157
\l__siunitx_angle_unit_dim=\dimen158
\l__siunitx_unit_int=\count148
\l__siunitx_unit_denominator_int=\count149
\l__siunitx_unit_numerator_int=\count150
\l__siunitx_unit_prefix_int=\count151
\l__siunitx_unit_prefix_base_int=\count152
\l__siunitx_unit_prefix_gram_int=\count153
\l__siunitx_number_product_int=\count154
\c__siunitx_one_fill_skip=\skip59
\l__siunitx_table_unit_align_skip=\skip60
\l__siunitx_table_exponent_dim=\dimen159
\l__siunitx_table_integer_dim=\dimen160
\l__siunitx_table_mantissa_dim=\dimen161
\l__siunitx_table_marker_dim=\dimen162
\l__siunitx_table_result_dim=\dimen163
\l__siunitx_table_uncert_dim=\dimen164
\l__siunitx_table_fill_pre_dim=\dimen165
\l__siunitx_table_fill_post_dim=\dimen166
\l__siunitx_table_fill_mid_dim=\dimen167
\l__siunitx_table_pre_box=\box47
\l__siunitx_table_post_box=\box48
\l__siunitx_table_mantissa_box=\box49
\l__siunitx_table_result_box=\box50
\l__siunitx_table_number_align_skip=\skip61
\l__siunitx_table_text_align_skip=\skip62
.................................................
. LaTeX info: "xparse/define-command"
. 
. Defining command \DeclareBinaryPrefix with sig. 'mmm' on line 7218.
.................................................
.................................................
. LaTeX info: "xparse/define-command"
. 
. Defining command \DeclareSIPostPower with sig. 'mm' on line 7221.
.................................................
.................................................
. LaTeX info: "xparse/define-command"
. 
. Defining command \DeclareSIPrefix with sig. 'mmm' on line 7224.
.................................................
.................................................
. LaTeX info: "xparse/define-command"
. 
. Defining command \DeclareSIPrePower with sig. 'mm' on line 7227.
.................................................
.................................................
. LaTeX info: "xparse/define-command"
. 
. Defining command \DeclareSIQualifier with sig. 'mm' on line 7230.
.................................................
.................................................
. LaTeX info: "xparse/define-command"
. 
. Defining command \DeclareSIUnit with sig. 'O{}mm' on line 7233.
.................................................
.................................................
. LaTeX info: "xparse/define-command"
. 
. Defining command \DeclareSIUnitWithOptions with sig. 'mmm' on line 7236.
.................................................
.................................................
. LaTeX info: "xparse/define-command"
. 
. Defining command \ang with sig. 'o>{\SplitArgument {2}{;}}m' on line 7251.
.................................................
.................................................
. LaTeX info: "xparse/define-command"
. 
. Defining command \num with sig. 'om' on line 7260.
.................................................
.................................................
. LaTeX info: "xparse/define-command"
. 
. Defining command \numlist with sig. 'o>{\SplitList {;}}m' on line 7269.
.................................................
.................................................
. LaTeX info: "xparse/define-command"
. 
. Defining command \numrange with sig. 'omm' on line 7278.
.................................................
.................................................
. LaTeX info: "xparse/define-command"
. 
. Defining command \SIlist with sig. 'o>{\SplitList {;}}mm' on line 7290.
.................................................
.................................................
. LaTeX info: "xparse/define-command"
. 
. Defining command \SIrange with sig. 'ommm' on line 7302.
.................................................
.................................................
. LaTeX info: "xparse/define-command"
. 
. Defining command \SI with sig. 'omom' on line 7314.
.................................................
.................................................
. LaTeX info: "xparse/define-command"
. 
. Defining command \sisetup with sig. 'm' on line 7317.
.................................................
.................................................
. LaTeX info: "xparse/define-command"
. 
. Defining command \tablenum with sig. 'om' on line 7332.
.................................................
.................................................
. LaTeX info: "xparse/define-command"
. 
. Defining command \si with sig. 'om' on line 7344.
.................................................
.................................................
. LaTeX info: "xparse/define-command"
. 
. Defining command \__siunitx_bookmark_num:w with sig. 'om' on line 7391.
.................................................
.................................................
. LaTeX info: "xparse/define-command"
. 
. Defining command \__siunitx_bookmark_numrange:w with sig. 'omm' on line
. 7393.
.................................................
.................................................
. LaTeX info: "xparse/define-command"
. 
. Defining command \__siunitx_bookmark_SI:w with sig. 'omom' on line 7395.
.................................................
.................................................
. LaTeX info: "xparse/define-command"
. 
. Defining command \__siunitx_bookmark_SIlist:w with sig. 'omm' on line 7397.
.................................................
.................................................
. LaTeX info: "xparse/define-command"
. 
. Defining command \__siunitx_bookmark_SIrange:w with sig. 'ommm' on line
. 7399.
.................................................
.................................................
. LaTeX info: "xparse/define-command"
. 
. Defining command \__siunitx_bookmark_si:w with sig. 'om' on line 7400.
.................................................
\g__file_internal_ior=\read1

(/nix/store/zch3ndik79n1pzxcsq22fzrnbd7nljs0-texlive-combined-full-2016/share/t
exmf/tex/latex/beamer/translator/translator.sty
Package: translator 2010/06/12 ver 1.10

(/nix/store/zch3ndik79n1pzxcsq22fzrnbd7nljs0-texlive-combined-full-2016/share/t
exmf/tex/latex/beamer/translator/translator-language-mappings.tex)))
(/nix/store/zch3ndik79n1pzxcsq22fzrnbd7nljs0-texlive-combined-full-2016/share/t
exmf/tex/latex/tensor/tensor.sty
Package: tensor 2004/12/20 v2.1 tensor indices package (PGR)
\tnsr@Sps=\toks27
\tnsr@Sbs=\toks28
\tnsr@Spe=\toks29
\tnsr@Sbe=\toks30
\ncld@Mno=\toks31
)
(/nix/store/zch3ndik79n1pzxcsq22fzrnbd7nljs0-texlive-combined-full-2016/share/t
exmf/tex/latex/geometry/geometry.sty
Package: geometry 2010/09/12 v5.6 Page Geometry

(/nix/store/zch3ndik79n1pzxcsq22fzrnbd7nljs0-texlive-combined-full-2016/share/t
exmf/tex/generic/oberdiek/ifpdf.sty
Package: ifpdf 2016/05/14 v3.1 Provides the ifpdf switch
)
(/nix/store/zch3ndik79n1pzxcsq22fzrnbd7nljs0-texlive-combined-full-2016/share/t
exmf/tex/generic/oberdiek/ifvtex.sty
Package: ifvtex 2016/05/16 v1.6 Detect VTeX and its facilities (HO)
Package ifvtex Info: VTeX not detected.
)
(/nix/store/zch3ndik79n1pzxcsq22fzrnbd7nljs0-texlive-combined-full-2016/share/t
exmf/tex/generic/ifxetex/ifxetex.sty
Package: ifxetex 2010/09/12 v0.6 Provides ifxetex conditional
)
\Gm@cnth=\count155
\Gm@cntv=\count156
\c@Gm@tempcnt=\count157
\Gm@bindingoffset=\dimen168
\Gm@wd@mp=\dimen169
\Gm@odd@mp=\dimen170
\Gm@even@mp=\dimen171
\Gm@layoutwidth=\dimen172
\Gm@layoutheight=\dimen173
\Gm@layouthoffset=\dimen174
\Gm@layoutvoffset=\dimen175
\Gm@dimlist=\toks32
)
(/nix/store/zch3ndik79n1pzxcsq22fzrnbd7nljs0-texlive-combined-full-2016/share/t
exmf/tex/latex/caption/caption.sty
Package: caption 2016/02/21 v3.3-144 Customizing captions (AR)

(/nix/store/zch3ndik79n1pzxcsq22fzrnbd7nljs0-texlive-combined-full-2016/share/t
exmf/tex/latex/caption/caption3.sty
Package: caption3 2016/05/22 v1.7-166 caption3 kernel (AR)
Package caption3 Info: TeX engine: e-TeX on input line 67.
\captionmargin=\dimen176
\captionmargin@=\dimen177
\captionwidth=\dimen178
\caption@tempdima=\dimen179
\caption@indent=\dimen180
\caption@parindent=\dimen181
\caption@hangindent=\dimen182
)
\c@ContinuedFloat=\count158
)
(/nix/store/zch3ndik79n1pzxcsq22fzrnbd7nljs0-texlive-combined-full-2016/share/t
exmf/tex/latex/pgfplots/pgfplots.sty
(/nix/store/zch3ndik79n1pzxcsq22fzrnbd7nljs0-texlive-combined-full-2016/share/t
exmf/tex/generic/pgfplots/pgfplots.revision.tex)
Package: pgfplots 2016/01/06 v1.13 Data Visualization (1.13)

(/nix/store/zch3ndik79n1pzxcsq22fzrnbd7nljs0-texlive-combined-full-2016/share/t
exmf/tex/latex/pgf/frontendlayer/tikz.sty
(/nix/store/zch3ndik79n1pzxcsq22fzrnbd7nljs0-texlive-combined-full-2016/share/t
exmf/tex/latex/pgf/basiclayer/pgf.sty
(/nix/store/zch3ndik79n1pzxcsq22fzrnbd7nljs0-texlive-combined-full-2016/share/t
exmf/tex/latex/pgf/utilities/pgfrcs.sty
(/nix/store/zch3ndik79n1pzxcsq22fzrnbd7nljs0-texlive-combined-full-2016/share/t
exmf/tex/generic/pgf/utilities/pgfutil-common.tex
\pgfutil@everybye=\toks33
\pgfutil@tempdima=\dimen183
\pgfutil@tempdimb=\dimen184

(/nix/store/zch3ndik79n1pzxcsq22fzrnbd7nljs0-texlive-combined-full-2016/share/t
exmf/tex/generic/pgf/utilities/pgfutil-common-lists.tex))
(/nix/store/zch3ndik79n1pzxcsq22fzrnbd7nljs0-texlive-combined-full-2016/share/t
exmf/tex/generic/pgf/utilities/pgfutil-latex.def
\pgfutil@abb=\box51

(/nix/store/zch3ndik79n1pzxcsq22fzrnbd7nljs0-texlive-combined-full-2016/share/t
exmf/tex/latex/ms/everyshi.sty
Package: everyshi 2001/05/15 v3.00 EveryShipout Package (MS)
))
(/nix/store/zch3ndik79n1pzxcsq22fzrnbd7nljs0-texlive-combined-full-2016/share/t
exmf/tex/generic/pgf/utilities/pgfrcs.code.tex
Package: pgfrcs 2015/08/07 v3.0.1a (rcs-revision 1.31)
))
Package: pgf 2015/08/07 v3.0.1a (rcs-revision 1.15)

(/nix/store/zch3ndik79n1pzxcsq22fzrnbd7nljs0-texlive-combined-full-2016/share/t
exmf/tex/latex/pgf/basiclayer/pgfcore.sty
(/nix/store/zch3ndik79n1pzxcsq22fzrnbd7nljs0-texlive-combined-full-2016/share/t
exmf/tex/latex/graphics/graphicx.sty
Package: graphicx 2014/10/28 v1.0g Enhanced LaTeX Graphics (DPC,SPQR)

(/nix/store/zch3ndik79n1pzxcsq22fzrnbd7nljs0-texlive-combined-full-2016/share/t
exmf/tex/latex/graphics/graphics.sty
Package: graphics 2016/06/02 v1.0s Standard LaTeX Graphics (DPC,SPQR)

(/nix/store/zch3ndik79n1pzxcsq22fzrnbd7nljs0-texlive-combined-full-2016/share/t
exmf/tex/latex/graphics/trig.sty
Package: trig 2016/01/03 v1.10 sin cos tan (DPC)
)
(/nix/store/zch3ndik79n1pzxcsq22fzrnbd7nljs0-texlive-combined-full-2016/share/t
exmf/tex/latex/graphics-cfg/graphics.cfg
File: graphics.cfg 2016/06/04 v1.11 sample graphics configuration
)
Package graphics Info: Driver file: pdftex.def on input line 99.

(/nix/store/zch3ndik79n1pzxcsq22fzrnbd7nljs0-texlive-combined-full-2016/share/t
exmf/tex/latex/pdftex-def/pdftex.def
File: pdftex.def 2016/06/17 v0.06h Graphics/color for pdfTeX

(/nix/store/zch3ndik79n1pzxcsq22fzrnbd7nljs0-texlive-combined-full-2016/share/t
exmf/tex/generic/oberdiek/infwarerr.sty
Package: infwarerr 2016/05/16 v1.4 Providing info/warning/error messages (HO)
)
(/nix/store/zch3ndik79n1pzxcsq22fzrnbd7nljs0-texlive-combined-full-2016/share/t
exmf/tex/generic/oberdiek/ltxcmds.sty
Package: ltxcmds 2016/05/16 v1.23 LaTeX kernel commands for general use (HO)
)
\Gread@gobject=\count159
))
\Gin@req@height=\dimen185
\Gin@req@width=\dimen186
)
(/nix/store/zch3ndik79n1pzxcsq22fzrnbd7nljs0-texlive-combined-full-2016/share/t
exmf/tex/latex/pgf/systemlayer/pgfsys.sty
(/nix/store/zch3ndik79n1pzxcsq22fzrnbd7nljs0-texlive-combined-full-2016/share/t
exmf/tex/generic/pgf/systemlayer/pgfsys.code.tex
Package: pgfsys 2014/07/09 v3.0.1a (rcs-revision 1.48)

(/nix/store/zch3ndik79n1pzxcsq22fzrnbd7nljs0-texlive-combined-full-2016/share/t
exmf/tex/generic/pgf/utilities/pgfkeys.code.tex
\pgfkeys@pathtoks=\toks34
\pgfkeys@temptoks=\toks35

(/nix/store/zch3ndik79n1pzxcsq22fzrnbd7nljs0-texlive-combined-full-2016/share/t
exmf/tex/generic/pgf/utilities/pgfkeysfiltered.code.tex
\pgfkeys@tmptoks=\toks36
))
\pgf@x=\dimen187
\pgf@y=\dimen188
\pgf@xa=\dimen189
\pgf@ya=\dimen190
\pgf@xb=\dimen191
\pgf@yb=\dimen192
\pgf@xc=\dimen193
\pgf@yc=\dimen194
\w@pgf@writea=\write3
\r@pgf@reada=\read2
\c@pgf@counta=\count160
\c@pgf@countb=\count161
\c@pgf@countc=\count162
\c@pgf@countd=\count163
\t@pgf@toka=\toks37
\t@pgf@tokb=\toks38
\t@pgf@tokc=\toks39

(/nix/store/zch3ndik79n1pzxcsq22fzrnbd7nljs0-texlive-combined-full-2016/share/t
exmf/tex/generic/pgf/systemlayer/pgf.cfg
File: pgf.cfg 2008/05/14  (rcs-revision 1.7)
)
Driver file for pgf: pgfsys-pdftex.def

(/nix/store/zch3ndik79n1pzxcsq22fzrnbd7nljs0-texlive-combined-full-2016/share/t
exmf/tex/generic/pgf/systemlayer/pgfsys-pdftex.def
File: pgfsys-pdftex.def 2014/10/11  (rcs-revision 1.35)

(/nix/store/zch3ndik79n1pzxcsq22fzrnbd7nljs0-texlive-combined-full-2016/share/t
exmf/tex/generic/pgf/systemlayer/pgfsys-common-pdf.def
File: pgfsys-common-pdf.def 2013/10/10  (rcs-revision 1.13)
)))
(/nix/store/zch3ndik79n1pzxcsq22fzrnbd7nljs0-texlive-combined-full-2016/share/t
exmf/tex/generic/pgf/systemlayer/pgfsyssoftpath.code.tex
File: pgfsyssoftpath.code.tex 2013/09/09  (rcs-revision 1.9)
\pgfsyssoftpath@smallbuffer@items=\count164
\pgfsyssoftpath@bigbuffer@items=\count165
)
(/nix/store/zch3ndik79n1pzxcsq22fzrnbd7nljs0-texlive-combined-full-2016/share/t
exmf/tex/generic/pgf/systemlayer/pgfsysprotocol.code.tex
File: pgfsysprotocol.code.tex 2006/10/16  (rcs-revision 1.4)
))
(/nix/store/zch3ndik79n1pzxcsq22fzrnbd7nljs0-texlive-combined-full-2016/share/t
exmf/tex/latex/xcolor/xcolor.sty
Package: xcolor 2016/05/11 v2.12 LaTeX color extensions (UK)

(/nix/store/zch3ndik79n1pzxcsq22fzrnbd7nljs0-texlive-combined-full-2016/share/t
exmf/tex/latex/graphics-cfg/color.cfg
File: color.cfg 2016/01/02 v1.6 sample color configuration
)
Package xcolor Info: Driver file: pdftex.def on input line 225.
Package xcolor Info: Model `cmy' substituted by `cmy0' on input line 1348.
Package xcolor Info: Model `hsb' substituted by `rgb' on input line 1352.
Package xcolor Info: Model `RGB' extended on input line 1364.
Package xcolor Info: Model `HTML' substituted by `rgb' on input line 1366.
Package xcolor Info: Model `Hsb' substituted by `hsb' on input line 1367.
Package xcolor Info: Model `tHsb' substituted by `hsb' on input line 1368.
Package xcolor Info: Model `HSB' substituted by `hsb' on input line 1369.
Package xcolor Info: Model `Gray' substituted by `gray' on input line 1370.
Package xcolor Info: Model `wave' substituted by `hsb' on input line 1371.
)
(/nix/store/zch3ndik79n1pzxcsq22fzrnbd7nljs0-texlive-combined-full-2016/share/t
exmf/tex/generic/pgf/basiclayer/pgfcore.code.tex
Package: pgfcore 2010/04/11 v3.0.1a (rcs-revision 1.7)

(/nix/store/zch3ndik79n1pzxcsq22fzrnbd7nljs0-texlive-combined-full-2016/share/t
exmf/tex/generic/pgf/math/pgfmath.code.tex
(/nix/store/zch3ndik79n1pzxcsq22fzrnbd7nljs0-texlive-combined-full-2016/share/t
exmf/tex/generic/pgf/math/pgfmathcalc.code.tex
(/nix/store/zch3ndik79n1pzxcsq22fzrnbd7nljs0-texlive-combined-full-2016/share/t
exmf/tex/generic/pgf/math/pgfmathutil.code.tex)
(/nix/store/zch3ndik79n1pzxcsq22fzrnbd7nljs0-texlive-combined-full-2016/share/t
exmf/tex/generic/pgf/math/pgfmathparser.code.tex
\pgfmath@dimen=\dimen195
\pgfmath@count=\count166
\pgfmath@box=\box52
\pgfmath@toks=\toks40
\pgfmath@stack@operand=\toks41
\pgfmath@stack@operation=\toks42
)
(/nix/store/zch3ndik79n1pzxcsq22fzrnbd7nljs0-texlive-combined-full-2016/share/t
exmf/tex/generic/pgf/math/pgfmathfunctions.code.tex
(/nix/store/zch3ndik79n1pzxcsq22fzrnbd7nljs0-texlive-combined-full-2016/share/t
exmf/tex/generic/pgf/math/pgfmathfunctions.basic.code.tex)
(/nix/store/zch3ndik79n1pzxcsq22fzrnbd7nljs0-texlive-combined-full-2016/share/t
exmf/tex/generic/pgf/math/pgfmathfunctions.trigonometric.code.tex)
(/nix/store/zch3ndik79n1pzxcsq22fzrnbd7nljs0-texlive-combined-full-2016/share/t
exmf/tex/generic/pgf/math/pgfmathfunctions.random.code.tex)
(/nix/store/zch3ndik79n1pzxcsq22fzrnbd7nljs0-texlive-combined-full-2016/share/t
exmf/tex/generic/pgf/math/pgfmathfunctions.comparison.code.tex)
(/nix/store/zch3ndik79n1pzxcsq22fzrnbd7nljs0-texlive-combined-full-2016/share/t
exmf/tex/generic/pgf/math/pgfmathfunctions.base.code.tex)
(/nix/store/zch3ndik79n1pzxcsq22fzrnbd7nljs0-texlive-combined-full-2016/share/t
exmf/tex/generic/pgf/math/pgfmathfunctions.round.code.tex)
(/nix/store/zch3ndik79n1pzxcsq22fzrnbd7nljs0-texlive-combined-full-2016/share/t
exmf/tex/generic/pgf/math/pgfmathfunctions.misc.code.tex)
(/nix/store/zch3ndik79n1pzxcsq22fzrnbd7nljs0-texlive-combined-full-2016/share/t
exmf/tex/generic/pgf/math/pgfmathfunctions.integerarithmetics.code.tex)))
(/nix/store/zch3ndik79n1pzxcsq22fzrnbd7nljs0-texlive-combined-full-2016/share/t
exmf/tex/generic/pgf/math/pgfmathfloat.code.tex
\c@pgfmathroundto@lastzeros=\count167
))
(/nix/store/zch3ndik79n1pzxcsq22fzrnbd7nljs0-texlive-combined-full-2016/share/t
exmf/tex/generic/pgf/basiclayer/pgfcorepoints.code.tex
File: pgfcorepoints.code.tex 2013/10/07  (rcs-revision 1.27)
\pgf@picminx=\dimen196
\pgf@picmaxx=\dimen197
\pgf@picminy=\dimen198
\pgf@picmaxy=\dimen199
\pgf@pathminx=\dimen256
\pgf@pathmaxx=\dimen257
\pgf@pathminy=\dimen258
\pgf@pathmaxy=\dimen259
\pgf@xx=\dimen260
\pgf@xy=\dimen261
\pgf@yx=\dimen262
\pgf@yy=\dimen263
\pgf@zx=\dimen264
\pgf@zy=\dimen265
)
(/nix/store/zch3ndik79n1pzxcsq22fzrnbd7nljs0-texlive-combined-full-2016/share/t
exmf/tex/generic/pgf/basiclayer/pgfcorepathconstruct.code.tex
File: pgfcorepathconstruct.code.tex 2013/10/07  (rcs-revision 1.29)
\pgf@path@lastx=\dimen266
\pgf@path@lasty=\dimen267
)
(/nix/store/zch3ndik79n1pzxcsq22fzrnbd7nljs0-texlive-combined-full-2016/share/t
exmf/tex/generic/pgf/basiclayer/pgfcorepathusage.code.tex
File: pgfcorepathusage.code.tex 2014/11/02  (rcs-revision 1.24)
\pgf@shorten@end@additional=\dimen268
\pgf@shorten@start@additional=\dimen269
)
(/nix/store/zch3ndik79n1pzxcsq22fzrnbd7nljs0-texlive-combined-full-2016/share/t
exmf/tex/generic/pgf/basiclayer/pgfcorescopes.code.tex
File: pgfcorescopes.code.tex 2015/05/08  (rcs-revision 1.46)
\pgfpic=\box53
\pgf@hbox=\box54
\pgf@layerbox@main=\box55
\pgf@picture@serial@count=\count168
)
(/nix/store/zch3ndik79n1pzxcsq22fzrnbd7nljs0-texlive-combined-full-2016/share/t
exmf/tex/generic/pgf/basiclayer/pgfcoregraphicstate.code.tex
File: pgfcoregraphicstate.code.tex 2014/11/02  (rcs-revision 1.12)
\pgflinewidth=\dimen270
)
(/nix/store/zch3ndik79n1pzxcsq22fzrnbd7nljs0-texlive-combined-full-2016/share/t
exmf/tex/generic/pgf/basiclayer/pgfcoretransformations.code.tex
File: pgfcoretransformations.code.tex 2015/08/07  (rcs-revision 1.20)
\pgf@pt@x=\dimen271
\pgf@pt@y=\dimen272
\pgf@pt@temp=\dimen273
)
(/nix/store/zch3ndik79n1pzxcsq22fzrnbd7nljs0-texlive-combined-full-2016/share/t
exmf/tex/generic/pgf/basiclayer/pgfcorequick.code.tex
File: pgfcorequick.code.tex 2008/10/09  (rcs-revision 1.3)
)
(/nix/store/zch3ndik79n1pzxcsq22fzrnbd7nljs0-texlive-combined-full-2016/share/t
exmf/tex/generic/pgf/basiclayer/pgfcoreobjects.code.tex
File: pgfcoreobjects.code.tex 2006/10/11  (rcs-revision 1.2)
)
(/nix/store/zch3ndik79n1pzxcsq22fzrnbd7nljs0-texlive-combined-full-2016/share/t
exmf/tex/generic/pgf/basiclayer/pgfcorepathprocessing.code.tex
File: pgfcorepathprocessing.code.tex 2013/09/09  (rcs-revision 1.9)
)
(/nix/store/zch3ndik79n1pzxcsq22fzrnbd7nljs0-texlive-combined-full-2016/share/t
exmf/tex/generic/pgf/basiclayer/pgfcorearrows.code.tex
File: pgfcorearrows.code.tex 2015/05/14  (rcs-revision 1.43)
\pgfarrowsep=\dimen274
)
(/nix/store/zch3ndik79n1pzxcsq22fzrnbd7nljs0-texlive-combined-full-2016/share/t
exmf/tex/generic/pgf/basiclayer/pgfcoreshade.code.tex
File: pgfcoreshade.code.tex 2013/07/15  (rcs-revision 1.15)
\pgf@max=\dimen275
\pgf@sys@shading@range@num=\count169
)
(/nix/store/zch3ndik79n1pzxcsq22fzrnbd7nljs0-texlive-combined-full-2016/share/t
exmf/tex/generic/pgf/basiclayer/pgfcoreimage.code.tex
File: pgfcoreimage.code.tex 2013/07/15  (rcs-revision 1.18)

(/nix/store/zch3ndik79n1pzxcsq22fzrnbd7nljs0-texlive-combined-full-2016/share/t
exmf/tex/generic/pgf/basiclayer/pgfcoreexternal.code.tex
File: pgfcoreexternal.code.tex 2014/07/09  (rcs-revision 1.21)
\pgfexternal@startupbox=\box56
))
(/nix/store/zch3ndik79n1pzxcsq22fzrnbd7nljs0-texlive-combined-full-2016/share/t
exmf/tex/generic/pgf/basiclayer/pgfcorelayers.code.tex
File: pgfcorelayers.code.tex 2013/07/18  (rcs-revision 1.7)
)
(/nix/store/zch3ndik79n1pzxcsq22fzrnbd7nljs0-texlive-combined-full-2016/share/t
exmf/tex/generic/pgf/basiclayer/pgfcoretransparency.code.tex
File: pgfcoretransparency.code.tex 2013/09/30  (rcs-revision 1.5)
)
(/nix/store/zch3ndik79n1pzxcsq22fzrnbd7nljs0-texlive-combined-full-2016/share/t
exmf/tex/generic/pgf/basiclayer/pgfcorepatterns.code.tex
File: pgfcorepatterns.code.tex 2013/11/07  (rcs-revision 1.5)
)))
(/nix/store/zch3ndik79n1pzxcsq22fzrnbd7nljs0-texlive-combined-full-2016/share/t
exmf/tex/generic/pgf/modules/pgfmoduleshapes.code.tex
File: pgfmoduleshapes.code.tex 2014/03/21  (rcs-revision 1.35)
\pgfnodeparttextbox=\box57
)
(/nix/store/zch3ndik79n1pzxcsq22fzrnbd7nljs0-texlive-combined-full-2016/share/t
exmf/tex/generic/pgf/modules/pgfmoduleplot.code.tex
File: pgfmoduleplot.code.tex 2015/08/03  (rcs-revision 1.13)
)
(/nix/store/zch3ndik79n1pzxcsq22fzrnbd7nljs0-texlive-combined-full-2016/share/t
exmf/tex/latex/pgf/compatibility/pgfcomp-version-0-65.sty
Package: pgfcomp-version-0-65 2007/07/03 v3.0.1a (rcs-revision 1.7)
\pgf@nodesepstart=\dimen276
\pgf@nodesepend=\dimen277
)
(/nix/store/zch3ndik79n1pzxcsq22fzrnbd7nljs0-texlive-combined-full-2016/share/t
exmf/tex/latex/pgf/compatibility/pgfcomp-version-1-18.sty
Package: pgfcomp-version-1-18 2007/07/23 v3.0.1a (rcs-revision 1.1)
))
(/nix/store/zch3ndik79n1pzxcsq22fzrnbd7nljs0-texlive-combined-full-2016/share/t
exmf/tex/latex/pgf/utilities/pgffor.sty
(/nix/store/zch3ndik79n1pzxcsq22fzrnbd7nljs0-texlive-combined-full-2016/share/t
exmf/tex/latex/pgf/utilities/pgfkeys.sty
(/nix/store/zch3ndik79n1pzxcsq22fzrnbd7nljs0-texlive-combined-full-2016/share/t
exmf/tex/generic/pgf/utilities/pgfkeys.code.tex))
(/nix/store/zch3ndik79n1pzxcsq22fzrnbd7nljs0-texlive-combined-full-2016/share/t
exmf/tex/latex/pgf/math/pgfmath.sty
(/nix/store/zch3ndik79n1pzxcsq22fzrnbd7nljs0-texlive-combined-full-2016/share/t
exmf/tex/generic/pgf/math/pgfmath.code.tex))
(/nix/store/zch3ndik79n1pzxcsq22fzrnbd7nljs0-texlive-combined-full-2016/share/t
exmf/tex/generic/pgf/utilities/pgffor.code.tex
Package: pgffor 2013/12/13 v3.0.1a (rcs-revision 1.25)

(/nix/store/zch3ndik79n1pzxcsq22fzrnbd7nljs0-texlive-combined-full-2016/share/t
exmf/tex/generic/pgf/math/pgfmath.code.tex)
\pgffor@iter=\dimen278
\pgffor@skip=\dimen279
\pgffor@stack=\toks43
\pgffor@toks=\toks44
))
(/nix/store/zch3ndik79n1pzxcsq22fzrnbd7nljs0-texlive-combined-full-2016/share/t
exmf/tex/generic/pgf/frontendlayer/tikz/tikz.code.tex
Package: tikz 2015/08/07 v3.0.1a (rcs-revision 1.151)

(/nix/store/zch3ndik79n1pzxcsq22fzrnbd7nljs0-texlive-combined-full-2016/share/t
exmf/tex/generic/pgf/libraries/pgflibraryplothandlers.code.tex
File: pgflibraryplothandlers.code.tex 2013/08/31 v3.0.1a (rcs-revision 1.20)
\pgf@plot@mark@count=\count170
\pgfplotmarksize=\dimen280
)
\tikz@lastx=\dimen281
\tikz@lasty=\dimen282
\tikz@lastxsaved=\dimen283
\tikz@lastysaved=\dimen284
\tikzleveldistance=\dimen285
\tikzsiblingdistance=\dimen286
\tikz@figbox=\box58
\tikz@figbox@bg=\box59
\tikz@tempbox=\box60
\tikz@tempbox@bg=\box61
\tikztreelevel=\count171
\tikznumberofchildren=\count172
\tikznumberofcurrentchild=\count173
\tikz@fig@count=\count174

(/nix/store/zch3ndik79n1pzxcsq22fzrnbd7nljs0-texlive-combined-full-2016/share/t
exmf/tex/generic/pgf/modules/pgfmodulematrix.code.tex
File: pgfmodulematrix.code.tex 2013/09/17  (rcs-revision 1.8)
\pgfmatrixcurrentrow=\count175
\pgfmatrixcurrentcolumn=\count176
\pgf@matrix@numberofcolumns=\count177
)
\tikz@expandcount=\count178

(/nix/store/zch3ndik79n1pzxcsq22fzrnbd7nljs0-texlive-combined-full-2016/share/t
exmf/tex/generic/pgf/frontendlayer/tikz/libraries/tikzlibrarytopaths.code.tex
File: tikzlibrarytopaths.code.tex 2008/06/17 v3.0.1a (rcs-revision 1.2)
)))
(/nix/store/zch3ndik79n1pzxcsq22fzrnbd7nljs0-texlive-combined-full-2016/share/t
exmf/tex/generic/pgfplots/pgfplots.code.tex
(/nix/store/zch3ndik79n1pzxcsq22fzrnbd7nljs0-texlive-combined-full-2016/share/t
exmf/tex/generic/pgfplots/pgfplotscore.code.tex
\t@pgfplots@toka=\toks45
\t@pgfplots@tokb=\toks46
\t@pgfplots@tokc=\toks47
\pgfplots@tmpa=\dimen287
\c@pgfplots@coordindex=\count179
\c@pgfplots@scanlineindex=\count180

(/nix/store/zch3ndik79n1pzxcsq22fzrnbd7nljs0-texlive-combined-full-2016/share/t
exmf/tex/generic/pgfplots/sys/pgfplotssysgeneric.code.tex))
(/nix/store/zch3ndik79n1pzxcsq22fzrnbd7nljs0-texlive-combined-full-2016/share/t
exmf/tex/generic/pgfplots/libs/pgfplotslibrary.code.tex)
(/nix/store/zch3ndik79n1pzxcsq22fzrnbd7nljs0-texlive-combined-full-2016/share/t
exmf/tex/generic/pgfplots/oldpgfcompatib/pgfplotsoldpgfsupp_loader.code.tex
(/nix/store/zch3ndik79n1pzxcsq22fzrnbd7nljs0-texlive-combined-full-2016/share/t
exmf/tex/generic/pgf/libraries/pgflibraryfpu.code.tex)
Package pgfplots: loading complementary arithmetics for your pgf version...

(/nix/store/zch3ndik79n1pzxcsq22fzrnbd7nljs0-texlive-combined-full-2016/share/t
exmf/tex/generic/pgfplots/oldpgfcompatib/pgfplotsoldpgfsupp_pgflibraryfpu.code.
tex)
(/nix/store/zch3ndik79n1pzxcsq22fzrnbd7nljs0-texlive-combined-full-2016/share/t
exmf/tex/generic/pgfplots/oldpgfcompatib/pgfplotsoldpgfsupp_pgfmathfloat.code.t
ex
\c@pgfmathroundto@lastzeros=\count181
))
(/nix/store/zch3ndik79n1pzxcsq22fzrnbd7nljs0-texlive-combined-full-2016/share/t
exmf/tex/generic/pgfplots/util/pgfplotsutil.code.tex
(/nix/store/zch3ndik79n1pzxcsq22fzrnbd7nljs0-texlive-combined-full-2016/share/t
exmf/tex/generic/pgfplots/liststructure/pgfplotsliststructure.code.tex)
(/nix/store/zch3ndik79n1pzxcsq22fzrnbd7nljs0-texlive-combined-full-2016/share/t
exmf/tex/generic/pgfplots/liststructure/pgfplotsliststructureext.code.tex)
(/nix/store/zch3ndik79n1pzxcsq22fzrnbd7nljs0-texlive-combined-full-2016/share/t
exmf/tex/generic/pgfplots/liststructure/pgfplotsarray.code.tex
\c@pgfplotsarray@tmp=\count182
)
(/nix/store/zch3ndik79n1pzxcsq22fzrnbd7nljs0-texlive-combined-full-2016/share/t
exmf/tex/generic/pgfplots/liststructure/pgfplotsmatrix.code.tex)
(/nix/store/zch3ndik79n1pzxcsq22fzrnbd7nljs0-texlive-combined-full-2016/share/t
exmf/tex/generic/pgfplots/numtable/pgfplotstableshared.code.tex
\c@pgfplotstable@counta=\count183
\t@pgfplotstable@a=\toks48
)
(/nix/store/zch3ndik79n1pzxcsq22fzrnbd7nljs0-texlive-combined-full-2016/share/t
exmf/tex/generic/pgfplots/liststructure/pgfplotsdeque.code.tex)
(/nix/store/zch3ndik79n1pzxcsq22fzrnbd7nljs0-texlive-combined-full-2016/share/t
exmf/tex/generic/pgfplots/util/pgfplotsbinary.code.tex
(/nix/store/zch3ndik79n1pzxcsq22fzrnbd7nljs0-texlive-combined-full-2016/share/t
exmf/tex/generic/pgfplots/util/pgfplotsbinary.data.code.tex))
(/nix/store/zch3ndik79n1pzxcsq22fzrnbd7nljs0-texlive-combined-full-2016/share/t
exmf/tex/generic/pgfplots/util/pgfplotsutil.verb.code.tex)
(/nix/store/zch3ndik79n1pzxcsq22fzrnbd7nljs0-texlive-combined-full-2016/share/t
exmf/tex/generic/pgfplots/libs/pgflibrarypgfplots.surfshading.code.tex
\c@pgfplotslibrarysurf@no=\count184

(/nix/store/zch3ndik79n1pzxcsq22fzrnbd7nljs0-texlive-combined-full-2016/share/t
exmf/tex/generic/pgfplots/sys/pgflibrarypgfplots.surfshading.pgfsys-pdftex.def)
))
(/nix/store/zch3ndik79n1pzxcsq22fzrnbd7nljs0-texlive-combined-full-2016/share/t
exmf/tex/generic/pgfplots/util/pgfplotscolormap.code.tex
(/nix/store/zch3ndik79n1pzxcsq22fzrnbd7nljs0-texlive-combined-full-2016/share/t
exmf/tex/generic/pgfplots/util/pgfplotscolor.code.tex))
(/nix/store/zch3ndik79n1pzxcsq22fzrnbd7nljs0-texlive-combined-full-2016/share/t
exmf/tex/generic/pgfplots/pgfplotsstackedplots.code.tex)
(/nix/store/zch3ndik79n1pzxcsq22fzrnbd7nljs0-texlive-combined-full-2016/share/t
exmf/tex/generic/pgfplots/pgfplotsplothandlers.code.tex
(/nix/store/zch3ndik79n1pzxcsq22fzrnbd7nljs0-texlive-combined-full-2016/share/t
exmf/tex/generic/pgfplots/pgfplotsmeshplothandler.code.tex
(/nix/store/zch3ndik79n1pzxcsq22fzrnbd7nljs0-texlive-combined-full-2016/share/t
exmf/tex/generic/pgfplots/pgfplotsmeshplotimage.code.tex)))
(/nix/store/zch3ndik79n1pzxcsq22fzrnbd7nljs0-texlive-combined-full-2016/share/t
exmf/tex/generic/pgfplots/pgfplots.scaling.code.tex)
(/nix/store/zch3ndik79n1pzxcsq22fzrnbd7nljs0-texlive-combined-full-2016/share/t
exmf/tex/generic/pgfplots/pgfplotscoordprocessing.code.tex)
(/nix/store/zch3ndik79n1pzxcsq22fzrnbd7nljs0-texlive-combined-full-2016/share/t
exmf/tex/generic/pgfplots/pgfplots.errorbars.code.tex)
(/nix/store/zch3ndik79n1pzxcsq22fzrnbd7nljs0-texlive-combined-full-2016/share/t
exmf/tex/generic/pgfplots/pgfplots.markers.code.tex)
(/nix/store/zch3ndik79n1pzxcsq22fzrnbd7nljs0-texlive-combined-full-2016/share/t
exmf/tex/generic/pgfplots/pgfplotsticks.code.tex)
(/nix/store/zch3ndik79n1pzxcsq22fzrnbd7nljs0-texlive-combined-full-2016/share/t
exmf/tex/generic/pgfplots/pgfplots.paths.code.tex)
(/nix/store/zch3ndik79n1pzxcsq22fzrnbd7nljs0-texlive-combined-full-2016/share/t
exmf/tex/generic/pgf/frontendlayer/tikz/libraries/tikzlibrarydecorations.code.t
ex
(/nix/store/zch3ndik79n1pzxcsq22fzrnbd7nljs0-texlive-combined-full-2016/share/t
exmf/tex/generic/pgf/modules/pgfmoduledecorations.code.tex
\pgfdecoratedcompleteddistance=\dimen288
\pgfdecoratedremainingdistance=\dimen289
\pgfdecoratedinputsegmentcompleteddistance=\dimen290
\pgfdecoratedinputsegmentremainingdistance=\dimen291
\pgf@decorate@distancetomove=\dimen292
\pgf@decorate@repeatstate=\count185
\pgfdecorationsegmentamplitude=\dimen293
\pgfdecorationsegmentlength=\dimen294
)
\tikz@lib@dec@box=\box62
)
(/nix/store/zch3ndik79n1pzxcsq22fzrnbd7nljs0-texlive-combined-full-2016/share/t
exmf/tex/generic/pgf/frontendlayer/tikz/libraries/tikzlibrarydecorations.pathmo
rphing.code.tex
(/nix/store/zch3ndik79n1pzxcsq22fzrnbd7nljs0-texlive-combined-full-2016/share/t
exmf/tex/generic/pgf/libraries/decorations/pgflibrarydecorations.pathmorphing.c
ode.tex))
(/nix/store/zch3ndik79n1pzxcsq22fzrnbd7nljs0-texlive-combined-full-2016/share/t
exmf/tex/generic/pgf/frontendlayer/tikz/libraries/tikzlibrarydecorations.pathre
placing.code.tex
(/nix/store/zch3ndik79n1pzxcsq22fzrnbd7nljs0-texlive-combined-full-2016/share/t
exmf/tex/generic/pgf/libraries/decorations/pgflibrarydecorations.pathreplacing.
code.tex))
\pgfplots@numplots=\count186
\pgfplots@xmin@reg=\dimen295
\pgfplots@xmax@reg=\dimen296
\pgfplots@ymin@reg=\dimen297
\pgfplots@ymax@reg=\dimen298
\pgfplots@zmin@reg=\dimen299
\pgfplots@zmax@reg=\dimen300
)
(/nix/store/zch3ndik79n1pzxcsq22fzrnbd7nljs0-texlive-combined-full-2016/share/t
exmf/tex/generic/pgf/frontendlayer/tikz/libraries/tikzlibraryplotmarks.code.tex
File: tikzlibraryplotmarks.code.tex 2008/01/09 v3.0.1a (rcs-revision 1.1)

(/nix/store/zch3ndik79n1pzxcsq22fzrnbd7nljs0-texlive-combined-full-2016/share/t
exmf/tex/generic/pgf/libraries/pgflibraryplotmarks.code.tex
File: pgflibraryplotmarks.code.tex 2015/08/03 v3.0.1a (rcs-revision 1.14)
)))
(/nix/store/zch3ndik79n1pzxcsq22fzrnbd7nljs0-texlive-combined-full-2016/share/t
exmf/tex/latex/titling/titling.sty
Package: titling 2009/09/04 v2.1d maketitle typesetting
\thanksmarkwidth=\skip63
\thanksmargin=\skip64
\droptitle=\skip65
)
(/nix/store/zch3ndik79n1pzxcsq22fzrnbd7nljs0-texlive-combined-full-2016/share/t
exmf/tex/latex/booktabs/booktabs.sty
Package: booktabs 2016/04/27 v1.618033 publication quality tables
\heavyrulewidth=\dimen301
\lightrulewidth=\dimen302
\cmidrulewidth=\dimen303
\belowrulesep=\dimen304
\belowbottomsep=\dimen305
\aboverulesep=\dimen306
\abovetopsep=\dimen307
\cmidrulesep=\dimen308
\cmidrulekern=\dimen309
\defaultaddspace=\dimen310
\@cmidla=\count187
\@cmidlb=\count188
\@aboverulesep=\dimen311
\@belowrulesep=\dimen312
\@thisruleclass=\count189
\@lastruleclass=\count190
\@thisrulewidth=\dimen313
)
(/nix/store/zch3ndik79n1pzxcsq22fzrnbd7nljs0-texlive-combined-full-2016/share/t
exmf/tex/latex/fancyhdr/fancyhdr.sty
\fancy@headwidth=\skip66
\f@ncyO@elh=\skip67
\f@ncyO@erh=\skip68
\f@ncyO@olh=\skip69
\f@ncyO@orh=\skip70
\f@ncyO@elf=\skip71
\f@ncyO@erf=\skip72
\f@ncyO@olf=\skip73
\f@ncyO@orf=\skip74
)
(/nix/store/zch3ndik79n1pzxcsq22fzrnbd7nljs0-texlive-combined-full-2016/share/t
exmf/tex/latex/hyperref/hyperref.sty
Package: hyperref 2016/05/21 v6.83p Hypertext links for LaTeX

(/nix/store/zch3ndik79n1pzxcsq22fzrnbd7nljs0-texlive-combined-full-2016/share/t
exmf/tex/generic/oberdiek/hobsub-hyperref.sty
Package: hobsub-hyperref 2016/05/16 v1.14 Bundle oberdiek, subset hyperref (HO)


(/nix/store/zch3ndik79n1pzxcsq22fzrnbd7nljs0-texlive-combined-full-2016/share/t
exmf/tex/generic/oberdiek/hobsub-generic.sty
Package: hobsub-generic 2016/05/16 v1.14 Bundle oberdiek, subset generic (HO)
Package: hobsub 2016/05/16 v1.14 Construct package bundles (HO)
Package hobsub Info: Skipping package `infwarerr' (already loaded).
Package hobsub Info: Skipping package `ltxcmds' (already loaded).
Package: ifluatex 2016/05/16 v1.4 Provides the ifluatex switch (HO)
Package ifluatex Info: LuaTeX not detected.
Package hobsub Info: Skipping package `ifvtex' (already loaded).
Package: intcalc 2016/05/16 v1.2 Expandable calculations with integers (HO)
Package hobsub Info: Skipping package `ifpdf' (already loaded).
Package: etexcmds 2016/05/16 v1.6 Avoid name clashes with e-TeX commands (HO)
Package etexcmds Info: Could not find \expanded.
(etexcmds)             That can mean that you are not using pdfTeX 1.50 or
(etexcmds)             that some package has redefined \expanded.
(etexcmds)             In the latter case, load this package earlier.
Package: kvsetkeys 2016/05/16 v1.17 Key value parser (HO)
Package: kvdefinekeys 2016/05/16 v1.4 Define keys (HO)
Package: pdftexcmds 2016/05/21 v0.22 Utility functions of pdfTeX for LuaTeX (HO
)
Package pdftexcmds Info: LuaTeX not detected.
Package pdftexcmds Info: \pdf@primitive is available.
Package pdftexcmds Info: \pdf@ifprimitive is available.
Package pdftexcmds Info: \pdfdraftmode found.
Package: pdfescape 2016/05/16 v1.14 Implements pdfTeX's escape features (HO)
Package: bigintcalc 2016/05/16 v1.4 Expandable calculations on big integers (HO
)
Package: bitset 2016/05/16 v1.2 Handle bit-vector datatype (HO)
Package: uniquecounter 2016/05/16 v1.3 Provide unlimited unique counter (HO)
)
Package hobsub Info: Skipping package `hobsub' (already loaded).
Package: letltxmacro 2016/05/16 v1.5 Let assignment for LaTeX macros (HO)
Package: hopatch 2016/05/16 v1.3 Wrapper for package hooks (HO)
Package: xcolor-patch 2016/05/16 xcolor patch
Package: atveryend 2016/05/16 v1.9 Hooks at the very end of document (HO)
Package: atbegshi 2016/06/09 v1.18 At begin shipout hook (HO)
Package: refcount 2016/05/16 v3.5 Data extraction from label references (HO)
Package: hycolor 2016/05/16 v1.8 Color options for hyperref/bookmark (HO)
)
(/nix/store/zch3ndik79n1pzxcsq22fzrnbd7nljs0-texlive-combined-full-2016/share/t
exmf/tex/latex/oberdiek/auxhook.sty
Package: auxhook 2016/05/16 v1.4 Hooks for auxiliary files (HO)
)
(/nix/store/zch3ndik79n1pzxcsq22fzrnbd7nljs0-texlive-combined-full-2016/share/t
exmf/tex/latex/oberdiek/kvoptions.sty
Package: kvoptions 2016/05/16 v3.12 Key value format for package options (HO)
)
\@linkdim=\dimen314
\Hy@linkcounter=\count191
\Hy@pagecounter=\count192

(/nix/store/zch3ndik79n1pzxcsq22fzrnbd7nljs0-texlive-combined-full-2016/share/t
exmf/tex/latex/hyperref/pd1enc.def
File: pd1enc.def 2016/05/21 v6.83p Hyperref: PDFDocEncoding definition (HO)
)
\Hy@SavedSpaceFactor=\count193

(/nix/store/zch3ndik79n1pzxcsq22fzrnbd7nljs0-texlive-combined-full-2016/share/t
exmf/tex/latex/latexconfig/hyperref.cfg
File: hyperref.cfg 2002/06/06 v1.2 hyperref configuration of TeXLive
)
Package hyperref Info: Option `draft' set `true' on input line 4362.
Package hyperref Info: Hyper figures OFF on input line 4486.
Package hyperref Info: Link nesting OFF on input line 4491.
Package hyperref Info: Hyper index ON on input line 4494.
Package hyperref Info: Plain pages OFF on input line 4501.
Package hyperref Info: Backreferencing OFF on input line 4506.
Package hyperref Info: Implicit mode ON; LaTeX internals redefined.
Package hyperref Info: Bookmarks ON on input line 4735.
\c@Hy@tempcnt=\count194

(/nix/store/zch3ndik79n1pzxcsq22fzrnbd7nljs0-texlive-combined-full-2016/share/t
exmf/tex/latex/url/url.sty
\Urlmuskip=\muskip17
Package: url 2013/09/16  ver 3.4  Verb mode for urls, etc.
)
LaTeX Info: Redefining \url on input line 5088.
\XeTeXLinkMargin=\dimen315
\Fld@menulength=\count195
\Field@Width=\dimen316
\Fld@charsize=\dimen317
Package hyperref Info: Hyper figures OFF on input line 6342.
Package hyperref Info: Link nesting OFF on input line 6347.
Package hyperref Info: Hyper index ON on input line 6350.
Package hyperref Info: backreferencing OFF on input line 6357.
Package hyperref Info: Link coloring OFF on input line 6362.
Package hyperref Info: Link coloring with OCG OFF on input line 6367.
Package hyperref Info: PDF/A mode OFF on input line 6372.
LaTeX Info: Redefining \ref on input line 6412.
LaTeX Info: Redefining \pageref on input line 6416.
\Hy@abspage=\count196
\c@Item=\count197
\c@Hfootnote=\count198
)

Package hyperref Message: Driver (autodetected): hpdftex.


(/nix/store/zch3ndik79n1pzxcsq22fzrnbd7nljs0-texlive-combined-full-2016/share/t
exmf/tex/latex/hyperref/hpdftex.def
File: hpdftex.def 2016/05/21 v6.83p Hyperref driver for pdfTeX
\Fld@listcount=\count199
\c@bookmark@seq@number=\count266

(/nix/store/zch3ndik79n1pzxcsq22fzrnbd7nljs0-texlive-combined-full-2016/share/t
exmf/tex/latex/oberdiek/rerunfilecheck.sty
Package: rerunfilecheck 2016/05/16 v1.8 Rerun checks for auxiliary files (HO)
Package uniquecounter Info: New unique counter `rerunfilecheck' on input line 2
82.
)
\Hy@SectionHShift=\skip75
)
Package hyperref Info: Option `linktocpage' set `true' on input line 52.
Package hyperref Info: Option `colorlinks' set `true' on input line 52.
Package hyperref Info: Option `final' set `true' on input line 52.

(/nix/store/zch3ndik79n1pzxcsq22fzrnbd7nljs0-texlive-combined-full-2016/share/t
exmf/tex/latex/todo/todo.sty
Package: todo 2010/03/31 v2.4142 To-do list (Federico Garcia)
\@todotoks=\toks49
\c@todo=\count267
)
(/nix/store/zch3ndik79n1pzxcsq22fzrnbd7nljs0-texlive-combined-full-2016/share/t
exmf/tex/latex/framed/framed.sty
Package: framed 2011/10/22 v 0.96: framed or shaded text with page breaks
\OuterFrameSep=\skip76
\fb@frw=\dimen318
\fb@frh=\dimen319
\FrameRule=\dimen320
\FrameSep=\dimen321
)
(/nix/store/zch3ndik79n1pzxcsq22fzrnbd7nljs0-texlive-combined-full-2016/share/t
exmf/tex/latex/enumitem/enumitem.sty
Package: enumitem 2011/09/28 v3.5.2 Customized lists
\labelindent=\skip77
\enit@outerparindent=\dimen322
\enit@toks=\toks50
\enit@inbox=\box63
\enitdp@description=\count268
)
(/nix/store/zch3ndik79n1pzxcsq22fzrnbd7nljs0-texlive-combined-full-2016/share/t
exmf/tex/latex/tools/verbatim.sty
Package: verbatim 2014/10/28 v1.5q LaTeX2e package for verbatim enhancements
\every@verbatim=\toks51
\verbatim@line=\toks52
\verbatim@in@stream=\read3
)) (./hartree_fock_notes.aux)
\openout1 = `hartree_fock_notes.aux'.

LaTeX Font Info:    Checking defaults for OML/cmm/m/it on input line 21.
LaTeX Font Info:    ... okay on input line 21.
LaTeX Font Info:    Checking defaults for T1/cmr/m/n on input line 21.
LaTeX Font Info:    ... okay on input line 21.
LaTeX Font Info:    Checking defaults for OT1/cmr/m/n on input line 21.
LaTeX Font Info:    ... okay on input line 21.
LaTeX Font Info:    Checking defaults for OMS/cmsy/m/n on input line 21.
LaTeX Font Info:    ... okay on input line 21.
LaTeX Font Info:    Checking defaults for OMX/cmex/m/n on input line 21.
LaTeX Font Info:    ... okay on input line 21.
LaTeX Font Info:    Checking defaults for U/cmr/m/n on input line 21.
LaTeX Font Info:    ... okay on input line 21.
LaTeX Font Info:    Checking defaults for PD1/pdf/m/n on input line 21.
LaTeX Font Info:    ... okay on input line 21.
Package nag Info: pgf.sty is broken: disabling dollar check on input line 21.
Package nag Info: Command \frontmatter not defined, skipping amendment on input
 line 21.
Package nag Info: Command \mainmatter not defined, skipping amendment on input 
line 21.
Package nag Info: Command \backmatter not defined, skipping amendment on input 
line 21.
Package nag Info: Command \RaggedLeft not defined, skipping amendment on input 
line 21.
Package nag Info: Command \RaggedRight not defined, skipping amendment on input
 line 21.

(/nix/store/zch3ndik79n1pzxcsq22fzrnbd7nljs0-texlive-combined-full-2016/share/t
exmf/tex/latex/ucs/ucsencs.def
File: ucsencs.def 2011/01/21 Fixes to fontencodings LGR, T3
)
LaTeX Info: Redefining \microtypecontext on input line 21.


Package microtype Warning: `draft' option active.
(microtype)                Disabling all micro-typographic extensions.
(microtype)                This might lead to different line and page breaks.


(/nix/store/zch3ndik79n1pzxcsq22fzrnbd7nljs0-texlive-combined-full-2016/share/t
exmf/tex/latex/beamer/translator/dicts/translator-basic-dictionary/translator-b
asic-dictionary-English.dict
Dictionary: translator-basic-dictionary, Language: English 
)
(/nix/store/zch3ndik79n1pzxcsq22fzrnbd7nljs0-texlive-combined-full-2016/share/t
exmf/tex/latex/siunitx/siunitx-abbreviations.cfg
File: siunitx-abbreviations.cfg 2016/03/01 v2.6q siunitx: Abbreviated units
)
*geometry* driver: auto-detecting
*geometry* detected driver: pdftex
*geometry* verbose mode - [ preamble ] result:
* driver: pdftex
* paper: <default>
* layout: <same size as paper>
* layoutoffset:(h,v)=(0.0pt,0.0pt)
* modes: 
* h-part:(L,W,R)=(92.14519pt, 430.00462pt, 92.14519pt)
* v-part:(T,H,B)=(95.39737pt, 556.47656pt, 143.09605pt)
* \paperwidth=614.295pt
* \paperheight=794.96999pt
* \textwidth=430.00462pt
* \textheight=556.47656pt
* \oddsidemargin=19.8752pt
* \evensidemargin=19.8752pt
* \topmargin=-13.87262pt
* \headheight=12.0pt
* \headsep=25.0pt
* \topskip=10.0pt
* \footskip=30.0pt
* \marginparwidth=65.0pt
* \marginparsep=11.0pt
* \columnsep=10.0pt
* \skip\footins=9.0pt plus 4.0pt minus 2.0pt
* \hoffset=0.0pt
* \voffset=0.0pt
* \mag=1000
* \@twocolumnfalse
* \@twosidefalse
* \@mparswitchfalse
* \@reversemarginfalse
* (1in=72.27pt=25.4mm, 1cm=28.453pt)

Package caption Info: Begin \AtBeginDocument code.
Package caption Info: hyperref package is loaded.
Package caption Info: End \AtBeginDocument code.
ABD: EveryShipout initializing macros
(/nix/store/zch3ndik79n1pzxcsq22fzrnbd7nljs0-texlive-combined-full-2016/share/t
exmf/tex/context/base/mkii/supp-pdf.mkii
[Loading MPS to PDF converter (version 2006.09.02).]
\scratchcounter=\count269
\scratchdimen=\dimen323
\scratchbox=\box64
\nofMPsegments=\count270
\nofMParguments=\count271
\everyMPshowfont=\toks53
\MPscratchCnt=\count272
\MPscratchDim=\dimen324
\MPnumerator=\count273
\makeMPintoPDFobject=\count274
\everyMPtoPDFconversion=\toks54
)
(/nix/store/zch3ndik79n1pzxcsq22fzrnbd7nljs0-texlive-combined-full-2016/share/t
exmf/tex/latex/oberdiek/epstopdf-base.sty
Package: epstopdf-base 2016/05/15 v2.6 Base part for package epstopdf

(/nix/store/zch3ndik79n1pzxcsq22fzrnbd7nljs0-texlive-combined-full-2016/share/t
exmf/tex/latex/oberdiek/grfext.sty
Package: grfext 2016/05/16 v1.2 Manage graphics extensions (HO)
)
Package epstopdf-base Info: Redefining graphics rule for `.eps' on input line 4
38.
Package grfext Info: Graphics extension search list:
(grfext)             [.png,.pdf,.jpg,.mps,.jpeg,.jbig2,.jb2,.PNG,.PDF,.JPG,.JPE
G,.JBIG2,.JB2,.eps]
(grfext)             \AppendGraphicsExtensions on input line 456.

(/nix/store/zch3ndik79n1pzxcsq22fzrnbd7nljs0-texlive-combined-full-2016/share/t
exmf/tex/latex/latexconfig/epstopdf-sys.cfg
File: epstopdf-sys.cfg 2010/07/13 v1.3 Configuration of (r)epstopdf for TeX Liv
e
))

Package pgfplots Warning: running in backwards compatibility mode (unsuitable t
ick labels; missing features). Consider writing \pgfplotsset{compat=1.13} into 
your preamble.
 on input line 21.

\AtBeginShipoutBox=\box65
Package hyperref Info: Link coloring ON on input line 21.

(/nix/store/zch3ndik79n1pzxcsq22fzrnbd7nljs0-texlive-combined-full-2016/share/t
exmf/tex/latex/hyperref/nameref.sty
Package: nameref 2016/05/21 v2.44 Cross-referencing by name of section

(/nix/store/zch3ndik79n1pzxcsq22fzrnbd7nljs0-texlive-combined-full-2016/share/t
exmf/tex/generic/oberdiek/gettitlestring.sty
Package: gettitlestring 2016/05/16 v1.5 Cleanup title references (HO)
)
\c@section@level=\count275
)
LaTeX Info: Redefining \ref on input line 21.
LaTeX Info: Redefining \pageref on input line 21.
LaTeX Info: Redefining \nameref on input line 21.
 (./hartree_fock_notes.out)
(./hartree_fock_notes.out)
\@outlinefile=\write4
\openout4 = `hartree_fock_notes.out'.

Package nag Info: Command \captionabove not defined, skipping amendment on inpu
t line 21.
Package nag Info: Command \captionbelow not defined, skipping amendment on inpu
t line 21.
Package nag Info: Command \hc@caption not defined, skipping amendment on input 
line 21.
Package nag Info: Command \topcaption not defined, skipping amendment on input 
line 21.
\c__siunitx_mathsf_int=\count276
LaTeX Font Info:    Try loading font information for U+msa on input line 21.

(/nix/store/zch3ndik79n1pzxcsq22fzrnbd7nljs0-texlive-combined-full-2016/share/t
exmf/tex/latex/amsfonts/umsa.fd
File: umsa.fd 2013/01/14 v3.01 AMS symbols A
)
LaTeX Font Info:    Try loading font information for U+msb on input line 21.

(/nix/store/zch3ndik79n1pzxcsq22fzrnbd7nljs0-texlive-combined-full-2016/share/t
exmf/tex/latex/amsfonts/umsb.fd
File: umsb.fd 2013/01/14 v3.01 AMS symbols B
)
\c__siunitx_mathtt_int=\count277
 [1{/nix/store/zch3ndik79n1pzxcsq22fzrnbd7nljs0-texlive-combined-full-2016/shar
e/texmf/fonts/map/pdftex/updmap/pdftex.map}

]
No complaints by nag.
[2]
Package atveryend Info: Empty hook `BeforeClearDocument' on input line 275.
Package atveryend Info: Empty hook `AfterLastShipout' on input line 275.
 (./hartree_fock_notes.aux)
Package atveryend Info: Executing hook `AtVeryEndDocument' on input line 275.
Package atveryend Info: Executing hook `AtEndAfterFileList' on input line 275.
Package rerunfilecheck Info: File `hartree_fock_notes.out' has not changed.
(rerunfilecheck)             Checksum: 6F246159280F1BAD315B3B85DC5A1563;218.
 ) 
Here is how much of TeX's memory you used:
 40198 strings out of 492960
 935746 string characters out of 6109142
 1090720 words of memory out of 5000000
 43177 multiletter control sequences out of 15000+600000
 7958 words of font info for 32 fonts, out of 8000000 for 9000
 1181 hyphenation exceptions out of 8191
 69i,17n,79p,10426b,752s stack positions out of 5000i,500n,10000p,200000b,80000s
</nix/store/zch3ndik79n1pzxcsq22fzrnbd7nljs0-texlive-combined-full-2016/share
/texmf/fonts/type1/public/amsfonts/cm/cmbx12.pfb></nix/store/zch3ndik79n1pzxcsq
22fzrnbd7nljs0-texlive-combined-full-2016/share/texmf/fonts/type1/public/amsfon
ts/cm/cmex10.pfb></nix/store/zch3ndik79n1pzxcsq22fzrnbd7nljs0-texlive-combined-
full-2016/share/texmf/fonts/type1/public/amsfonts/cm/cmmi10.pfb></nix/store/zch
3ndik79n1pzxcsq22fzrnbd7nljs0-texlive-combined-full-2016/share/texmf/fonts/type
1/public/amsfonts/cm/cmmi5.pfb></nix/store/zch3ndik79n1pzxcsq22fzrnbd7nljs0-tex
live-combined-full-2016/share/texmf/fonts/type1/public/amsfonts/cm/cmmi7.pfb></
nix/store/zch3ndik79n1pzxcsq22fzrnbd7nljs0-texlive-combined-full-2016/share/tex
mf/fonts/type1/public/amsfonts/cm/cmr10.pfb></nix/store/zch3ndik79n1pzxcsq22fzr
nbd7nljs0-texlive-combined-full-2016/share/texmf/fonts/type1/public/amsfonts/cm
/cmr5.pfb></nix/store/zch3ndik79n1pzxcsq22fzrnbd7nljs0-texlive-combined-full-20
16/share/texmf/fonts/type1/public/amsfonts/cm/cmr7.pfb></nix/store/zch3ndik79n1
pzxcsq22fzrnbd7nljs0-texlive-combined-full-2016/share/texmf/fonts/type1/public/
amsfonts/cm/cmsy10.pfb></nix/store/zch3ndik79n1pzxcsq22fzrnbd7nljs0-texlive-com
bined-full-2016/share/texmf/fonts/type1/public/amsfonts/cm/cmsy5.pfb></nix/stor
e/zch3ndik79n1pzxcsq22fzrnbd7nljs0-texlive-combined-full-2016/share/texmf/fonts
/type1/public/amsfonts/cm/cmsy7.pfb>
Output written on hartree_fock_notes.pdf (2 pages, 113057 bytes).
PDF statistics:
 77 PDF objects out of 1000 (max. 8388607)
 61 compressed objects within 1 object stream
 6 named destinations out of 1000 (max. 500000)
 37 words of extra memory for PDF output out of 10000 (max. 10000000)

